<?xml version="1.0" encoding="UTF-8"?>
<!-- Generated by org.testng.reporters.JUnitReportReporter -->
<testsuite hostname="DESKTOP-PTF1H2O" failures="0" tests="2" name="com.buildpiper.testcases.BuildPiperTestcasesExecutionComprehensiveTests" time="326.282" errors="1" timestamp="2024-01-19T19:39:53 IST" skipped="0">
  <testcase classname="com.buildpiper.testcases.BuildPiperTestcasesExecutionComprehensiveTests" name="CreateBasicPipeLine" time="184.200">
    <error message="no such element: Unable to locate element: {&quot;method&quot;:&quot;xpath&quot;,&quot;selector&quot;:&quot;//span[text()=&#039;automation-682046mu117xjpt&#039;]&quot;}
  (Session info: chrome-headless-shell=120.0.6099.218)
For documentation on this error, please visit: https://www.seleniumhq.org/exceptions/no_such_element.html
Build info: version: &#039;3.141.59&#039;, revision: &#039;e82be7d358&#039;, time: &#039;2018-11-14T08:17:03&#039;
System info: host: &#039;DESKTOP-PTF1H2O&#039;, ip: &#039;192.168.1.9&#039;, os.name: &#039;Windows 10&#039;, os.arch: &#039;amd64&#039;, os.version: &#039;10.0&#039;, java.version: &#039;19.0.1&#039;
Driver info: org.openqa.selenium.chrome.ChromeDriver
Capabilities {acceptInsecureCerts: false, browserName: chrome-headless-shell, browserVersion: 120.0.6099.218, chrome: {chromedriverVersion: 120.0.6099.109 (3419140ab66..., userDataDir: C:\Users\Rahul\AppData\Loca...}, fedcm:accounts: true, goog:chromeOptions: {debuggerAddress: localhost:56229}, javascriptEnabled: true, networkConnectionEnabled: false, pageLoadStrategy: normal, platform: WINDOWS, platformName: WINDOWS, proxy: Proxy(), setWindowRect: true, strictFileInteractability: false, timeouts: {implicit: 0, pageLoad: 300000, script: 30000}, unhandledPromptBehavior: dismiss and notify, webauthn:extension:credBlob: true, webauthn:extension:largeBlob: true, webauthn:extension:minPinLength: true, webauthn:extension:prf: true, webauthn:virtualAuthenticators: true}
Session ID: d49c3350e6c6a13fda89a9218d14b55b
*** Element info: {Using=xpath, value=//span[text()=&#039;automation-682046mu117xjpt&#039;]}" type="org.openqa.selenium.NoSuchElementException">
      <![CDATA[org.openqa.selenium.NoSuchElementException: no such element: Unable to locate element: {"method":"xpath","selector":"//span[text()='automation-682046mu117xjpt']"}
  (Session info: chrome-headless-shell=120.0.6099.218)
For documentation on this error, please visit: https://www.seleniumhq.org/exceptions/no_such_element.html
Build info: version: '3.141.59', revision: 'e82be7d358', time: '2018-11-14T08:17:03'
System info: host: 'DESKTOP-PTF1H2O', ip: '192.168.1.9', os.name: 'Windows 10', os.arch: 'amd64', os.version: '10.0', java.version: '19.0.1'
Driver info: org.openqa.selenium.chrome.ChromeDriver
Capabilities {acceptInsecureCerts: false, browserName: chrome-headless-shell, browserVersion: 120.0.6099.218, chrome: {chromedriverVersion: 120.0.6099.109 (3419140ab66..., userDataDir: C:\Users\Rahul\AppData\Loca...}, fedcm:accounts: true, goog:chromeOptions: {debuggerAddress: localhost:56229}, javascriptEnabled: true, networkConnectionEnabled: false, pageLoadStrategy: normal, platform: WINDOWS, platformName: WINDOWS, proxy: Proxy(), setWindowRect: true, strictFileInteractability: false, timeouts: {implicit: 0, pageLoad: 300000, script: 30000}, unhandledPromptBehavior: dismiss and notify, webauthn:extension:credBlob: true, webauthn:extension:largeBlob: true, webauthn:extension:minPinLength: true, webauthn:extension:prf: true, webauthn:virtualAuthenticators: true}
Session ID: d49c3350e6c6a13fda89a9218d14b55b
*** Element info: {Using=xpath, value=//span[text()='automation-682046mu117xjpt']}
at java.base/jdk.internal.reflect.DirectConstructorHandleAccessor.newInstance(DirectConstructorHandleAccessor.java:67)
at java.base/java.lang.reflect.Constructor.newInstanceWithCaller(Constructor.java:500)
at java.base/java.lang.reflect.Constructor.newInstance(Constructor.java:484)
at org.openqa.selenium.remote.http.W3CHttpResponseCodec.createException(W3CHttpResponseCodec.java:187)
at org.openqa.selenium.remote.http.W3CHttpResponseCodec.decode(W3CHttpResponseCodec.java:122)
at org.openqa.selenium.remote.http.W3CHttpResponseCodec.decode(W3CHttpResponseCodec.java:49)
at org.openqa.selenium.remote.HttpCommandExecutor.execute(HttpCommandExecutor.java:158)
at org.openqa.selenium.remote.service.DriverCommandExecutor.execute(DriverCommandExecutor.java:83)
at org.openqa.selenium.remote.RemoteWebDriver.execute(RemoteWebDriver.java:552)
at org.openqa.selenium.remote.RemoteWebDriver.findElement(RemoteWebDriver.java:323)
at org.openqa.selenium.remote.RemoteWebDriver.findElementByXPath(RemoteWebDriver.java:428)
at org.openqa.selenium.By$ByXPath.findElement(By.java:353)
at org.openqa.selenium.remote.RemoteWebDriver.findElement(RemoteWebDriver.java:315)
at org.openqa.selenium.support.pagefactory.DefaultElementLocator.findElement(DefaultElementLocator.java:69)
at org.openqa.selenium.support.pagefactory.internal.LocatingElementHandler.invoke(LocatingElementHandler.java:38)
at jdk.proxy2/jdk.proxy2.$Proxy27.isDisplayed(Unknown Source)
at com.buildpiper.capabilities.UICapability.ui_IsElementDisplay(UICapability.java:193)
at com.buildpiper.base.Capability.ui_IsElementDisplay(Capability.java:267)
at com.buildpiper.pages.BuildPipeLinePage.createBasicPipeline(BuildPipeLinePage.java:469)
at com.buildpiper.testcases.BuildPiperTestcasesExecutionComprehensiveTests.CreateBasicPipeLine(BuildPiperTestcasesExecutionComprehensiveTests.java:61)
at java.base/jdk.internal.reflect.DirectMethodHandleAccessor.invoke(DirectMethodHandleAccessor.java:104)
at java.base/java.lang.reflect.Method.invoke(Method.java:578)
at org.testng.internal.MethodInvocationHelper.invokeMethod(MethodInvocationHelper.java:134)
at org.testng.internal.TestInvoker.invokeMethod(TestInvoker.java:597)
at org.testng.internal.TestInvoker.invokeTestMethod(TestInvoker.java:173)
at org.testng.internal.MethodRunner.runInSequence(MethodRunner.java:46)
at org.testng.internal.TestInvoker$MethodInvocationAgent.invoke(TestInvoker.java:816)
at org.testng.internal.TestInvoker.invokeTestMethods(TestInvoker.java:146)
at org.testng.internal.TestMethodWorker.invokeTestMethods(TestMethodWorker.java:146)
at org.testng.internal.TestMethodWorker.run(TestMethodWorker.java:128)
at java.base/java.util.ArrayList.forEach(ArrayList.java:1511)
at org.testng.TestRunner.privateRun(TestRunner.java:766)
at org.testng.TestRunner.run(TestRunner.java:587)
at org.testng.SuiteRunner.runTest(SuiteRunner.java:384)
at org.testng.SuiteRunner.runSequentially(SuiteRunner.java:378)
at org.testng.SuiteRunner.privateRun(SuiteRunner.java:337)
at org.testng.SuiteRunner.run(SuiteRunner.java:286)
at org.testng.SuiteRunnerWorker.runSuite(SuiteRunnerWorker.java:53)
at org.testng.SuiteRunnerWorker.run(SuiteRunnerWorker.java:96)
at org.testng.TestNG.runSuitesSequentially(TestNG.java:1187)
at org.testng.TestNG.runSuitesLocally(TestNG.java:1109)
at org.testng.TestNG.runSuites(TestNG.java:1039)
at org.testng.TestNG.run(TestNG.java:1007)
at org.testng.remote.AbstractRemoteTestNG.run(AbstractRemoteTestNG.java:115)
at org.testng.remote.RemoteTestNG.initAndRun(RemoteTestNG.java:251)
at org.testng.remote.RemoteTestNG.main(RemoteTestNG.java:77)
]]>
    </error>
  </testcase> <!-- CreateBasicPipeLine -->
  <system-out>
checking if driver exist <img src=D:\BuildPiper_Rahul\Reports\19Jan_185532\CreateBasicPipeLine_chrome\CreateBasicPipeLine_chrome_19_Jan_192546.jpg alt='Lamp' width='500' height='400'> Clicking on element userMenuAppBar <img src=D:\BuildPiper_Rahul\Reports\19Jan_185532\CreateBasicPipeLine_chrome\CreateBasicPipeLine_chrome_19_Jan_192546.jpg alt='Lamp' width='500' height='400'> Clicking on element clicks on container registry <img src=D:\BuildPiper_Rahul\Reports\19Jan_185532\CreateBasicPipeLine_chrome\CreateBasicPipeLine_chrome_19_Jan_192547.jpg alt='Lamp' width='500' height='400'> Clicking on element clicks on first container registry test <img src=D:\BuildPiper_Rahul\Reports\19Jan_185532\CreateBasicPipeLine_chrome\CreateBasicPipeLine_chrome_19_Jan_192547.jpg alt='Lamp' width='500' height='400'> Element is present  xpath: //div[contains(@class,'connected text connected')]] <img src=D:\BuildPiper_Rahul\Reports\19Jan_185532\CreateBasicPipeLine_chrome\CreateBasicPipeLine_chrome_19_Jan_192547.jpg alt='Lamp' width='500' height='400'> Clicking on element userMenuAppBar <img src=D:\BuildPiper_Rahul\Reports\19Jan_185532\CreateBasicPipeLine_chrome\CreateBasicPipeLine_chrome_19_Jan_192553.jpg alt='Lamp' width='500' height='400'> Clicking on element switching to user account <img src=D:\BuildPiper_Rahul\Reports\19Jan_185532\CreateBasicPipeLine_chrome\CreateBasicPipeLine_chrome_19_Jan_192553.jpg alt='Lamp' width='500' height='400'> checking if driver exist <img src=D:\BuildPiper_Rahul\Reports\19Jan_185532\CreateBasicPipeLine_chrome\CreateBasicPipeLine_chrome_19_Jan_192558.jpg alt='Lamp' width='500' height='400'> Element is present  xpath: //li//button[contains(@class,'main-nav-1')]//span[@title]] <img src=D:\BuildPiper_Rahul\Reports\19Jan_185532\CreateBasicPipeLine_chrome\CreateBasicPipeLine_chrome_19_Jan_192603.jpg alt='Lamp' width='500' height='400'> Clicking on element Poc_QA pipelineOverviewLink <img src=D:\BuildPiper_Rahul\Reports\19Jan_185532\CreateBasicPipeLine_chrome\CreateBasicPipeLine_chrome_19_Jan_192604.jpg alt='Lamp' width='500' height='400'>  Element Proxy element for: DefaultElementLocator 'By.xpath: //a[@class='btn btn-submit' and text()='Add Pipeline']' is not clickable using selenium click <img src=D:\BuildPiper_Rahul\Reports\19Jan_185532\CreateBasicPipeLine_chrome\CreateBasicPipeLine_chrome_19_Jan_192635.jpg alt='Lamp' width='500' height='400'> Clicking on element clicks on add pipeline button <img src=D:\BuildPiper_Rahul\Reports\19Jan_185532\CreateBasicPipeLine_chrome\CreateBasicPipeLine_chrome_19_Jan_192635.jpg alt='Lamp' width='500' height='400'> Setting value on element Gives unique name to pipeline <img src=D:\BuildPiper_Rahul\Reports\19Jan_185532\CreateBasicPipeLine_chrome\CreateBasicPipeLine_chrome_19_Jan_192635.jpg alt='Lamp' width='500' height='400'> Clicking on element clicks on save pipeline button <img src=D:\BuildPiper_Rahul\Reports\19Jan_185532\CreateBasicPipeLine_chrome\CreateBasicPipeLine_chrome_19_Jan_192640.jpg alt='Lamp' width='500' height='400'> Element is present  xpath: //p[@class='pipeline-name']] <img src=D:\BuildPiper_Rahul\Reports\19Jan_185532\CreateBasicPipeLine_chrome\CreateBasicPipeLine_chrome_19_Jan_192649.jpg alt='Lamp' width='500' height='400'> Element is present  xpath: //button//div[@class='text-btn'][text()='Add New Stage']] <img src=D:\BuildPiper_Rahul\Reports\19Jan_185532\CreateBasicPipeLine_chrome\CreateBasicPipeLine_chrome_19_Jan_192649.jpg alt='Lamp' width='500' height='400'> Clicking on element adds first stage <img src=D:\BuildPiper_Rahul\Reports\19Jan_185532\CreateBasicPipeLine_chrome\CreateBasicPipeLine_chrome_19_Jan_192649.jpg alt='Lamp' width='500' height='400'> Element is present  xpath: //input[@name='name' and @placeholder='Stage name goes here']] <img src=D:\BuildPiper_Rahul\Reports\19Jan_185532\CreateBasicPipeLine_chrome\CreateBasicPipeLine_chrome_19_Jan_192649.jpg alt='Lamp' width='500' height='400'> Setting value on element sets first stage name <img src=D:\BuildPiper_Rahul\Reports\19Jan_185532\CreateBasicPipeLine_chrome\CreateBasicPipeLine_chrome_19_Jan_192650.jpg alt='Lamp' width='500' height='400'> Clicking on element adds button for first stage <img src=D:\BuildPiper_Rahul\Reports\19Jan_185532\CreateBasicPipeLine_chrome\CreateBasicPipeLine_chrome_19_Jan_192655.jpg alt='Lamp' width='500' height='400'> Element is present  xpath: //div[@class='text-btn'][text()='Add New Job ']] <img src=D:\BuildPiper_Rahul\Reports\19Jan_185532\CreateBasicPipeLine_chrome\CreateBasicPipeLine_chrome_19_Jan_192655.jpg alt='Lamp' width='500' height='400'> Clicking on element clicks on new job <img src=D:\BuildPiper_Rahul\Reports\19Jan_185532\CreateBasicPipeLine_chrome\CreateBasicPipeLine_chrome_19_Jan_192655.jpg alt='Lamp' width='500' height='400'> Element is present  xpath: //select[@name='task_type' and @class='select']] <img src=D:\BuildPiper_Rahul\Reports\19Jan_185532\CreateBasicPipeLine_chrome\CreateBasicPipeLine_chrome_19_Jan_192656.jpg alt='Lamp' width='500' height='400'> Element is present  xpath: //span[text()='automation-682046mu117xjpt']] <img src=D:\BuildPiper_Rahul\Reports\19Jan_185532\CreateBasicPipeLine_chrome\CreateBasicPipeLine_chrome_19_Jan_192658.jpg alt='Lamp' width='500' height='400'> Clicking on element selects service component under the env <img src=D:\BuildPiper_Rahul\Reports\19Jan_185532\CreateBasicPipeLine_chrome\CreateBasicPipeLine_chrome_19_Jan_192658.jpg alt='Lamp' width='500' height='400'> Clicking on element clicks add stage btn <img src=D:\BuildPiper_Rahul\Reports\19Jan_185532\CreateBasicPipeLine_chrome\CreateBasicPipeLine_chrome_19_Jan_192659.jpg alt='Lamp' width='500' height='400'> Element is present  xpath: //div[@class='text-btn'][text()='Add New Job ']] <img src=D:\BuildPiper_Rahul\Reports\19Jan_185532\CreateBasicPipeLine_chrome\CreateBasicPipeLine_chrome_19_Jan_192659.jpg alt='Lamp' width='500' height='400'> Clicking on element clicks on new job <img src=D:\BuildPiper_Rahul\Reports\19Jan_185532\CreateBasicPipeLine_chrome\CreateBasicPipeLine_chrome_19_Jan_192659.jpg alt='Lamp' width='500' height='400'> Element is present  xpath: //select[@name='task_type' and @class='select']] <img src=D:\BuildPiper_Rahul\Reports\19Jan_185532\CreateBasicPipeLine_chrome\CreateBasicPipeLine_chrome_19_Jan_192700.jpg alt='Lamp' width='500' height='400'> Element is present  xpath: //span[text()='automation-682046mu117xjpt']] <img src=D:\BuildPiper_Rahul\Reports\19Jan_185532\CreateBasicPipeLine_chrome\CreateBasicPipeLine_chrome_19_Jan_192702.jpg alt='Lamp' width='500' height='400'> Clicking on element selects service component under the env <img src=D:\BuildPiper_Rahul\Reports\19Jan_185532\CreateBasicPipeLine_chrome\CreateBasicPipeLine_chrome_19_Jan_192702.jpg alt='Lamp' width='500' height='400'> Clicking on element clicks add stage btn <img src=D:\BuildPiper_Rahul\Reports\19Jan_185532\CreateBasicPipeLine_chrome\CreateBasicPipeLine_chrome_19_Jan_192703.jpg alt='Lamp' width='500' height='400'> Element is present  xpath: //button//div[@class='text-btn'][text()='Add New Stage']] <img src=D:\BuildPiper_Rahul\Reports\19Jan_185532\CreateBasicPipeLine_chrome\CreateBasicPipeLine_chrome_19_Jan_192703.jpg alt='Lamp' width='500' height='400'> Clicking on element adds second stage <img src=D:\BuildPiper_Rahul\Reports\19Jan_185532\CreateBasicPipeLine_chrome\CreateBasicPipeLine_chrome_19_Jan_192703.jpg alt='Lamp' width='500' height='400'> Clicking on element clicks add stage btn <img src=D:\BuildPiper_Rahul\Reports\19Jan_185532\CreateBasicPipeLine_chrome\CreateBasicPipeLine_chrome_19_Jan_192703.jpg alt='Lamp' width='500' height='400'> Element is present  xpath: //input[@name='name' and @placeholder='Stage name goes here']] <img src=D:\BuildPiper_Rahul\Reports\19Jan_185532\CreateBasicPipeLine_chrome\CreateBasicPipeLine_chrome_19_Jan_192703.jpg alt='Lamp' width='500' height='400'> Setting value on element sets first stage name <img src=D:\BuildPiper_Rahul\Reports\19Jan_185532\CreateBasicPipeLine_chrome\CreateBasicPipeLine_chrome_19_Jan_192704.jpg alt='Lamp' width='500' height='400'> Clicking on element clicks add stage btn <img src=D:\BuildPiper_Rahul\Reports\19Jan_185532\CreateBasicPipeLine_chrome\CreateBasicPipeLine_chrome_19_Jan_192704.jpg alt='Lamp' width='500' height='400'> Element is present  xpath: //div[contains(@data-rbd-draggable-id,'stage-qa')]//div[@class='text-btn'][text()='Add New Job ']] <img src=D:\BuildPiper_Rahul\Reports\19Jan_185532\CreateBasicPipeLine_chrome\CreateBasicPipeLine_chrome_19_Jan_192704.jpg alt='Lamp' width='500' height='400'> Clicking on element clicks on new job <img src=D:\BuildPiper_Rahul\Reports\19Jan_185532\CreateBasicPipeLine_chrome\CreateBasicPipeLine_chrome_19_Jan_192704.jpg alt='Lamp' width='500' height='400'> Element is present  xpath: //select[@name='task_type' and @class='select']] <img src=D:\BuildPiper_Rahul\Reports\19Jan_185532\CreateBasicPipeLine_chrome\CreateBasicPipeLine_chrome_19_Jan_192705.jpg alt='Lamp' width='500' height='400'> ####### End of Test Case: CreateBasicPipeLine #######  </system-out>
  <testcase classname="com.buildpiper.testcases.BuildPiperTestcasesExecutionComprehensiveTests" name="CreateJiraPipeLine" time="142.082"/>
  <system-out>
checking if driver exist <img src=D:\BuildPiper_Rahul\Reports\19Jan_185532\CreateJiraPipeLine_chrome\CreateJiraPipeLine_chrome_19_Jan_192850.jpg alt='Lamp' width='500' height='400'> Clicking on element userMenuAppBar <img src=D:\BuildPiper_Rahul\Reports\19Jan_185532\CreateJiraPipeLine_chrome\CreateJiraPipeLine_chrome_19_Jan_192850.jpg alt='Lamp' width='500' height='400'> Clicking on element clicks on container registry <img src=D:\BuildPiper_Rahul\Reports\19Jan_185532\CreateJiraPipeLine_chrome\CreateJiraPipeLine_chrome_19_Jan_192851.jpg alt='Lamp' width='500' height='400'> Clicking on element clicks on first container registry test <img src=D:\BuildPiper_Rahul\Reports\19Jan_185532\CreateJiraPipeLine_chrome\CreateJiraPipeLine_chrome_19_Jan_192851.jpg alt='Lamp' width='500' height='400'> Element is present  xpath: //div[contains(@class,'connected text connected')]] <img src=D:\BuildPiper_Rahul\Reports\19Jan_185532\CreateJiraPipeLine_chrome\CreateJiraPipeLine_chrome_19_Jan_192851.jpg alt='Lamp' width='500' height='400'> Clicking on element userMenuAppBar <img src=D:\BuildPiper_Rahul\Reports\19Jan_185532\CreateJiraPipeLine_chrome\CreateJiraPipeLine_chrome_19_Jan_192857.jpg alt='Lamp' width='500' height='400'> Clicking on element switching to user account <img src=D:\BuildPiper_Rahul\Reports\19Jan_185532\CreateJiraPipeLine_chrome\CreateJiraPipeLine_chrome_19_Jan_192857.jpg alt='Lamp' width='500' height='400'> checking if driver exist <img src=D:\BuildPiper_Rahul\Reports\19Jan_185532\CreateJiraPipeLine_chrome\CreateJiraPipeLine_chrome_19_Jan_192902.jpg alt='Lamp' width='500' height='400'> Element is present  xpath: //li//button[contains(@class,'main-nav-1')]//span[@title]] <img src=D:\BuildPiper_Rahul\Reports\19Jan_185532\CreateJiraPipeLine_chrome\CreateJiraPipeLine_chrome_19_Jan_192902.jpg alt='Lamp' width='500' height='400'> Clicking on element Poc_QA pipelineOverviewLink <img src=D:\BuildPiper_Rahul\Reports\19Jan_185532\CreateJiraPipeLine_chrome\CreateJiraPipeLine_chrome_19_Jan_192907.jpg alt='Lamp' width='500' height='400'>  Element Proxy element for: DefaultElementLocator 'By.xpath: //a[@class='btn btn-submit' and text()='Add Pipeline']' is not clickable using selenium click <img src=D:\BuildPiper_Rahul\Reports\19Jan_185532\CreateJiraPipeLine_chrome\CreateJiraPipeLine_chrome_19_Jan_192939.jpg alt='Lamp' width='500' height='400'> Clicking on element clicks on add pipeline button <img src=D:\BuildPiper_Rahul\Reports\19Jan_185532\CreateJiraPipeLine_chrome\CreateJiraPipeLine_chrome_19_Jan_192939.jpg alt='Lamp' width='500' height='400'> Setting value on element Gives unique name to pipeline <img src=D:\BuildPiper_Rahul\Reports\19Jan_185532\CreateJiraPipeLine_chrome\CreateJiraPipeLine_chrome_19_Jan_192939.jpg alt='Lamp' width='500' height='400'> Clicking on element clicks on save pipeline button <img src=D:\BuildPiper_Rahul\Reports\19Jan_185532\CreateJiraPipeLine_chrome\CreateJiraPipeLine_chrome_19_Jan_192944.jpg alt='Lamp' width='500' height='400'> Element is present  xpath: //p[@class='pipeline-name']] <img src=D:\BuildPiper_Rahul\Reports\19Jan_185532\CreateJiraPipeLine_chrome\CreateJiraPipeLine_chrome_19_Jan_192953.jpg alt='Lamp' width='500' height='400'> Element is present  xpath: //label[@for='file-input']//span[text()='upload']] <img src=D:\BuildPiper_Rahul\Reports\19Jan_185532\CreateJiraPipeLine_chrome\CreateJiraPipeLine_chrome_19_Jan_192953.jpg alt='Lamp' width='500' height='400'> Clicking on element clicks on upload YAML <img src=D:\BuildPiper_Rahul\Reports\19Jan_185532\CreateJiraPipeLine_chrome\CreateJiraPipeLine_chrome_19_Jan_192953.jpg alt='Lamp' width='500' height='400'> Uploading the File Path D:\BuildPiper_Rahul\src\test\resources\testfiles\upload\UploadYAML\JiraPipeline.yml <img src=D:\BuildPiper_Rahul\Reports\19Jan_185532\CreateJiraPipeLine_chrome\CreateJiraPipeLine_chrome_19_Jan_193000.jpg alt='Lamp' width='500' height='400'> Clicking on element clicks save workflow btn <img src=D:\BuildPiper_Rahul\Reports\19Jan_185532\CreateJiraPipeLine_chrome\CreateJiraPipeLine_chrome_19_Jan_193015.jpg alt='Lamp' width='500' height='400'> ####### End of Test Case: CreateJiraPipeLine #######  </system-out>
</testsuite> <!-- com.buildpiper.testcases.BuildPiperTestcasesExecutionComprehensiveTests -->
