<?xml version="1.0" encoding="UTF-8"?>
<!-- Generated by org.testng.reporters.JUnitReportReporter -->
<testsuite hostname="DESKTOP-PTF1H2O" failures="0" tests="1" name="com.buildpiper.testcases.ManageApplicationTestcases" time="165.514" errors="0" timestamp="2024-01-10T18:56:26 IST" skipped="0">
  <testcase classname="com.buildpiper.testcases.ManageApplicationTestcases" name="AddApplication" time="165.514"/>
  <system-out>
checking if driver exist <img src=D:\BuildPiper_Rahul\Reports\10Jan_185339\AddApplication_chrome\AddApplication_chrome_10_Jan_185402.jpg alt='Lamp' width='500' height='400'> checking if driver exist <img src=D:\BuildPiper_Rahul\Reports\10Jan_185339\AddApplication_chrome\AddApplication_chrome_10_Jan_185403.jpg alt='Lamp' width='500' height='400'> Element : xpath: //button[@type='button' and @aria-controls='menu-appbar']//div//div]is displayed on screen Clicking on element userMenuAppBar <img src=D:\BuildPiper_Rahul\Reports\10Jan_185339\AddApplication_chrome\AddApplication_chrome_10_Jan_185403.jpg alt='Lamp' width='500' height='400'> Element : xpath: //span[text()='System Settings']]is displayed on screen Clicking on element Open System Settings <img src=D:\BuildPiper_Rahul\Reports\10Jan_185339\AddApplication_chrome\AddApplication_chrome_10_Jan_185404.jpg alt='Lamp' width='500' height='400'> Element : xpath: //div[text()='Job Template v3 Support']]is displayed on screen Element is present  xpath: //div[text()='Job Template v3 Support']] <img src=D:\BuildPiper_Rahul\Reports\10Jan_185339\AddApplication_chrome\AddApplication_chrome_10_Jan_185409.jpg alt='Lamp' width='500' height='400'> Element : xpath: //div[text()='Job Template v3 Support']]is displayed on screen  Element [[ChromeDriver: chrome on WINDOWS (224bdabc76a163393da0e81bdc465bf0)] -> xpath: //div[text()='Job Template v3 Support']] is not clickable using selenium click <img src=D:\BuildPiper_Rahul\Reports\10Jan_185339\AddApplication_chrome\AddApplication_chrome_10_Jan_185410.jpg alt='Lamp' width='500' height='400'> Clicking on element Job TemplateV3 Support <img src=D:\BuildPiper_Rahul\Reports\10Jan_185339\AddApplication_chrome\AddApplication_chrome_10_Jan_185411.jpg alt='Lamp' width='500' height='400'> Element : xpath: //button[text()='Apply immediately']]is displayed on screen  Element [[ChromeDriver: chrome on WINDOWS (224bdabc76a163393da0e81bdc465bf0)] -> xpath: //button[text()='Apply immediately']] is not clickable using selenium click <img src=D:\BuildPiper_Rahul\Reports\10Jan_185339\AddApplication_chrome\AddApplication_chrome_10_Jan_185421.jpg alt='Lamp' width='500' height='400'> Clicking on element Apply Immediately <img src=D:\BuildPiper_Rahul\Reports\10Jan_185339\AddApplication_chrome\AddApplication_chrome_10_Jan_185421.jpg alt='Lamp' width='500' height='400'> checking if driver exist <img src=D:\BuildPiper_Rahul\Reports\10Jan_185339\AddApplication_chrome\AddApplication_chrome_10_Jan_185421.jpg alt='Lamp' width='500' height='400'> Element : xpath: (//li//a[contains(@class,'main-nav-1')]//span/span[@class='color-black'])[2]]is displayed on screen Element is present  xpath: (//li//a[contains(@class,'main-nav-1')]//span/span[@class='color-black'])[2]] <img src=D:\BuildPiper_Rahul\Reports\10Jan_185339\AddApplication_chrome\AddApplication_chrome_10_Jan_185426.jpg alt='Lamp' width='500' height='400'> Element : xpath: (//li//a[contains(@class,'main-nav-1')]//span/span[@class='color-black'])[2]]is displayed on screen Clicking on element manage Application Link <img src=D:\BuildPiper_Rahul\Reports\10Jan_185339\AddApplication_chrome\AddApplication_chrome_10_Jan_185429.jpg alt='Lamp' width='500' height='400'> Element : xpath: //a[text()='Add Application']]is displayed on screen Element is present  xpath: //a[text()='Add Application']] <img src=D:\BuildPiper_Rahul\Reports\10Jan_185339\AddApplication_chrome\AddApplication_chrome_10_Jan_185431.jpg alt='Lamp' width='500' height='400'> Element : xpath: //a[text()='Add Application']]is displayed on screen  Element Proxy element for: DefaultElementLocator 'By.xpath: //a[text()='Add Application']' is not clickable using selenium click <img src=D:\BuildPiper_Rahul\Reports\10Jan_185339\AddApplication_chrome\AddApplication_chrome_10_Jan_185503.jpg alt='Lamp' width='500' height='400'> Clicking on element Add Application button <img src=D:\BuildPiper_Rahul\Reports\10Jan_185339\AddApplication_chrome\AddApplication_chrome_10_Jan_185503.jpg alt='Lamp' width='500' height='400'> Element : xpath: //input[@placeholder='Application Name']]is displayed on screen Setting value on element Application Name Field <img src=D:\BuildPiper_Rahul\Reports\10Jan_185339\AddApplication_chrome\AddApplication_chrome_10_Jan_185504.jpg alt='Lamp' width='500' height='400'> Element : xpath: //*[@placeholder='Application Description']]is displayed on screen Setting value on element Application Description Field <img src=D:\BuildPiper_Rahul\Reports\10Jan_185339\AddApplication_chrome\AddApplication_chrome_10_Jan_185505.jpg alt='Lamp' width='500' height='400'> checking if driver exist <img src=D:\BuildPiper_Rahul\Reports\10Jan_185339\AddApplication_chrome\AddApplication_chrome_10_Jan_185511.jpg alt='Lamp' width='500' height='400'> Element : xpath: //button[@type='button' and @aria-controls='menu-appbar']//div//div]is displayed on screen Clicking on element userMenuAppBar <img src=D:\BuildPiper_Rahul\Reports\10Jan_185339\AddApplication_chrome\AddApplication_chrome_10_Jan_185512.jpg alt='Lamp' width='500' height='400'> Element : xpath: //button[contains(@class,'btn-link-green')][text()=' Switch to User Portal']]is displayed on screen Clicking on element switching to user account <img src=D:\BuildPiper_Rahul\Reports\10Jan_185339\AddApplication_chrome\AddApplication_chrome_10_Jan_185512.jpg alt='Lamp' width='500' height='400'> Element : xpath: //li//button[contains(@class,'main-nav-1')]//span[1][@title]]is displayed on screen Element is present  xpath: //li//button[contains(@class,'main-nav-1')]//span[1][@title]] <img src=D:\BuildPiper_Rahul\Reports\10Jan_185339\AddApplication_chrome\AddApplication_chrome_10_Jan_185518.jpg alt='Lamp' width='500' height='400'> Element : xpath: //button//span[2][@class='flaticon-expand-arrow']/../..//div//span[@title='Job Templates']]is displayed on screen Element is present  xpath: //button//span[2][@class='flaticon-expand-arrow']/../..//div//span[@title='Job Templates']] <img src=D:\BuildPiper_Rahul\Reports\10Jan_185339\AddApplication_chrome\AddApplication_chrome_10_Jan_185523.jpg alt='Lamp' width='500' height='400'> Element : xpath: //button//span[2][@class='flaticon-expand-arrow']/../..//div//span[@title='Job Templates']]is displayed on screen Clicking on element User clicks on job template link in left panel <img src=D:\BuildPiper_Rahul\Reports\10Jan_185339\AddApplication_chrome\AddApplication_chrome_10_Jan_185524.jpg alt='Lamp' width='500' height='400'> Element : xpath: //div[text()='devtest-v3']/../../../following-sibling::div[1]//a]is displayed on screen Clicking on element v3template Edit Link <img src=D:\BuildPiper_Rahul\Reports\10Jan_185339\AddApplication_chrome\AddApplication_chrome_10_Jan_185527.jpg alt='Lamp' width='500' height='400'> Element : xpath: //div[contains(@class,'job-card-design d-grid align-center')]/button[@class='transparent-btn nowrap']]is displayed on screen Clicking on element eye Icon Deploy Job <img src=D:\BuildPiper_Rahul\Reports\10Jan_185339\AddApplication_chrome\AddApplication_chrome_10_Jan_185536.jpg alt='Lamp' width='500' height='400'> Element : xpath: //div[contains(@class,'job-card-design d-grid align-center')]/button[@class='transparent-btn nowrap']]is displayed on screen Clicking on element eye Icon deploy_configmaps Job <img src=D:\BuildPiper_Rahul\Reports\10Jan_185339\AddApplication_chrome\AddApplication_chrome_10_Jan_185540.jpg alt='Lamp' width='500' height='400'> Element : xpath: //div[contains(@class,'job-card-design d-grid align-center')]/button[@class='transparent-btn nowrap']]is displayed on screen Clicking on element eye Icon deploy secret Job <img src=D:\BuildPiper_Rahul\Reports\10Jan_185339\AddApplication_chrome\AddApplication_chrome_10_Jan_185544.jpg alt='Lamp' width='500' height='400'> Element : xpath: //div[contains(@class,'job-card-design d-grid align-center')]/button[@class='transparent-btn nowrap']]is displayed on screen Clicking on element eye Icon promote Job <img src=D:\BuildPiper_Rahul\Reports\10Jan_185339\AddApplication_chrome\AddApplication_chrome_10_Jan_185549.jpg alt='Lamp' width='500' height='400'> Element : xpath: //div[contains(@class,'job-card-design d-grid align-center')]/button[@class='transparent-btn nowrap']]is displayed on screen Clicking on element eye Icon rollback Job <img src=D:\BuildPiper_Rahul\Reports\10Jan_185339\AddApplication_chrome\AddApplication_chrome_10_Jan_185553.jpg alt='Lamp' width='500' height='400'> Element : xpath: //div[contains(@class,'job-card-design d-grid align-center')]/button[@class='transparent-btn nowrap']]is displayed on screen  Element [[ChromeDriver: chrome on WINDOWS (224bdabc76a163393da0e81bdc465bf0)] -> xpath: //div[contains(@class,'job-card-design d-grid align-center')]/button[@class='transparent-btn nowrap']] is not clickable using selenium click <img src=D:\BuildPiper_Rahul\Reports\10Jan_185339\AddApplication_chrome\AddApplication_chrome_10_Jan_185559.jpg alt='Lamp' width='500' height='400'> Clicking on element eye Icon jira integration Job <img src=D:\BuildPiper_Rahul\Reports\10Jan_185339\AddApplication_chrome\AddApplication_chrome_10_Jan_185559.jpg alt='Lamp' width='500' height='400'> Element : xpath: //div[contains(@class,'job-card-design d-grid align-center')]/button[@class='transparent-btn nowrap']]is displayed on screen Clicking on element eye Icon integration testing Job <img src=D:\BuildPiper_Rahul\Reports\10Jan_185339\AddApplication_chrome\AddApplication_chrome_10_Jan_185604.jpg alt='Lamp' width='500' height='400'> checking if driver exist <img src=D:\BuildPiper_Rahul\Reports\10Jan_185339\AddApplication_chrome\AddApplication_chrome_10_Jan_185608.jpg alt='Lamp' width='500' height='400'> Element : xpath: //button[@type='button' and @aria-controls='menu-appbar']//div//div]is displayed on screen Clicking on element userMenuAppBar <img src=D:\BuildPiper_Rahul\Reports\10Jan_185339\AddApplication_chrome\AddApplication_chrome_10_Jan_185608.jpg alt='Lamp' width='500' height='400'> Element : xpath: //button[contains(@class,'btn-link-green')][text()=' Switch to Admin Portal']]is displayed on screen Clicking on element switching to user account <img src=D:\BuildPiper_Rahul\Reports\10Jan_185339\AddApplication_chrome\AddApplication_chrome_10_Jan_185609.jpg alt='Lamp' width='500' height='400'> Element : xpath: (//li//a[contains(@class,'main-nav-1')]//span/span[@class='color-black'])[2]]is displayed on screen Element is present  xpath: (//li//a[contains(@class,'main-nav-1')]//span/span[@class='color-black'])[2]] <img src=D:\BuildPiper_Rahul\Reports\10Jan_185339\AddApplication_chrome\AddApplication_chrome_10_Jan_185614.jpg alt='Lamp' width='500' height='400'> Element : xpath: (//li//a[contains(@class,'main-nav-1')]//span/span[@class='color-black'])[2]]is displayed on screen Clicking on element manage Application Link <img src=D:\BuildPiper_Rahul\Reports\10Jan_185339\AddApplication_chrome\AddApplication_chrome_10_Jan_185615.jpg alt='Lamp' width='500' height='400'> Element : xpath: (//div[contains(@class,'MuiGrid-root MuiGrid-item MuiGrid-grid-xs-')]//button[@class='MuiButtonBase-root MuiIconButton-root'])]is displayed on screen Clicking on element First Application KebobIcon <img src=D:\BuildPiper_Rahul\Reports\10Jan_185339\AddApplication_chrome\AddApplication_chrome_10_Jan_185621.jpg alt='Lamp' width='500' height='400'> Element is present  xpath: //span[contains(text(),'Delete')]] <img src=D:\BuildPiper_Rahul\Reports\10Jan_185339\AddApplication_chrome\AddApplication_chrome_10_Jan_185622.jpg alt='Lamp' width='500' height='400'> Element is present  xpath: //span[contains(text(),'Delete')]] <img src=D:\BuildPiper_Rahul\Reports\10Jan_185339\AddApplication_chrome\AddApplication_chrome_10_Jan_185623.jpg alt='Lamp' width='500' height='400'> Element is present  xpath: //span[contains(text(),'Delete')]] <img src=D:\BuildPiper_Rahul\Reports\10Jan_185339\AddApplication_chrome\AddApplication_chrome_10_Jan_185623.jpg alt='Lamp' width='500' height='400'> Element is present  xpath: //span[contains(text(),'Delete')]] <img src=D:\BuildPiper_Rahul\Reports\10Jan_185339\AddApplication_chrome\AddApplication_chrome_10_Jan_185623.jpg alt='Lamp' width='500' height='400'> Element is present  xpath: //span[contains(text(),'Delete')]] <img src=D:\BuildPiper_Rahul\Reports\10Jan_185339\AddApplication_chrome\AddApplication_chrome_10_Jan_185624.jpg alt='Lamp' width='500' height='400'> Element is present  xpath: //span[contains(text(),'Delete')]] <img src=D:\BuildPiper_Rahul\Reports\10Jan_185339\AddApplication_chrome\AddApplication_chrome_10_Jan_185624.jpg alt='Lamp' width='500' height='400'> Element is present  xpath: //span[contains(text(),'Delete')]] <img src=D:\BuildPiper_Rahul\Reports\10Jan_185339\AddApplication_chrome\AddApplication_chrome_10_Jan_185624.jpg alt='Lamp' width='500' height='400'> Element is present  xpath: //span[contains(text(),'Delete')]] <img src=D:\BuildPiper_Rahul\Reports\10Jan_185339\AddApplication_chrome\AddApplication_chrome_10_Jan_185625.jpg alt='Lamp' width='500' height='400'> Element is present  xpath: //span[contains(text(),'Delete')]] <img src=D:\BuildPiper_Rahul\Reports\10Jan_185339\AddApplication_chrome\AddApplication_chrome_10_Jan_185625.jpg alt='Lamp' width='500' height='400'> Element is present  xpath: //span[contains(text(),'Delete')]] <img src=D:\BuildPiper_Rahul\Reports\10Jan_185339\AddApplication_chrome\AddApplication_chrome_10_Jan_185625.jpg alt='Lamp' width='500' height='400'> Element : xpath: //input[@placeholder='Please enter the reason to delete']]is displayed on screen Setting value on element delete Input Field <img src=D:\BuildPiper_Rahul\Reports\10Jan_185339\AddApplication_chrome\AddApplication_chrome_10_Jan_185626.jpg alt='Lamp' width='500' height='400'> Result upload to testlink is disabled, Please ensure you have 'UpdateTestLink=Yes' in project.properties  ####### End of Test Case: AddApplication #######  </system-out>
</testsuite> <!-- com.buildpiper.testcases.ManageApplicationTestcases -->
