<?xml version="1.0" encoding="UTF-8"?>
<!-- Generated by org.testng.reporters.JUnitReportReporter -->
<testsuite hostname="DESKTOP-PTF1H2O" failures="0" tests="1" name="com.buildpiper.testcases.SuperAdminTestCases" time="124.745" errors="0" timestamp="2024-03-05T11:49:32 IST" skipped="0">
  <testcase classname="com.buildpiper.testcases.SuperAdminTestCases" name="buildPiperVersioningEnable" time="124.745"/>
  <system-out>
checking if driver exist Open URL:http://122.160.30.218:16680/ <img src=D:\BuildPiper_Rahul\Reports\05Mar_114726\buildPiperVersioningEnable_chrome\buildPiperVersioningEnable_chrome_65_Mar_114731.jpg alt='Lamp' width='500' height='400'> Executing; ui_launch Element : name: email]is displayed on screen Setting value on element USER_NAME <img src=D:\BuildPiper_Rahul\Reports\05Mar_114726\buildPiperVersioningEnable_chrome\buildPiperVersioningEnable_chrome_65_Mar_114822.jpg alt='Lamp' width='500' height='400'> Element : name: password]is displayed on screen Setting value on element PASSWORD <img src=D:\BuildPiper_Rahul\Reports\05Mar_114726\buildPiperVersioningEnable_chrome\buildPiperVersioningEnable_chrome_65_Mar_114823.jpg alt='Lamp' width='500' height='400'> Element : xpath: //button[@type='submit']]is displayed on screen Clicking on element LOGIN_BTN <img src=D:\BuildPiper_Rahul\Reports\05Mar_114726\buildPiperVersioningEnable_chrome\buildPiperVersioningEnable_chrome_65_Mar_114823.jpg alt='Lamp' width='500' height='400'> Successful navigation is validated for LoginPage checking if driver exist <img src=D:\BuildPiper_Rahul\Reports\05Mar_114726\buildPiperVersioningEnable_chrome\buildPiperVersioningEnable_chrome_65_Mar_114824.jpg alt='Lamp' width='500' height='400'> checking if driver exist <img src=D:\BuildPiper_Rahul\Reports\05Mar_114726\buildPiperVersioningEnable_chrome\buildPiperVersioningEnable_chrome_65_Mar_114825.jpg alt='Lamp' width='500' height='400'> checking if driver exist <img src=D:\BuildPiper_Rahul\Reports\05Mar_114726\buildPiperVersioningEnable_chrome\buildPiperVersioningEnable_chrome_65_Mar_114825.jpg alt='Lamp' width='500' height='400'> Element : xpath: //button[@type='button' and @aria-controls='menu-appbar']//div//div]is displayed on screen Clicking on element userMenuAppBar <img src=D:\BuildPiper_Rahul\Reports\05Mar_114726\buildPiperVersioningEnable_chrome\buildPiperVersioningEnable_chrome_65_Mar_114826.jpg alt='Lamp' width='500' height='400'> Element : xpath: //span[text()='System Settings']]is displayed on screen Clicking on element Open System Settings <img src=D:\BuildPiper_Rahul\Reports\05Mar_114726\buildPiperVersioningEnable_chrome\buildPiperVersioningEnable_chrome_65_Mar_114827.jpg alt='Lamp' width='500' height='400'> Element : xpath: //div[text()='Buildpiper Versioning ']]is displayed on screen Element is present  xpath: //div[text()='Buildpiper Versioning ']] <img src=D:\BuildPiper_Rahul\Reports\05Mar_114726\buildPiperVersioningEnable_chrome\buildPiperVersioningEnable_chrome_65_Mar_114827.jpg alt='Lamp' width='500' height='400'> Element : xpath: //div[text()='Buildpiper Versioning ']]is displayed on screen  Element [[ChromeDriver: chrome on WINDOWS (33abd7714b1250f65d525a1849ca77ab)] -> xpath: //div[text()='Buildpiper Versioning ']] is not clickable using selenium click <img src=D:\BuildPiper_Rahul\Reports\05Mar_114726\buildPiperVersioningEnable_chrome\buildPiperVersioningEnable_chrome_65_Mar_114829.jpg alt='Lamp' width='500' height='400'> Clicking on element clicks on buildPiper Versioning button <img src=D:\BuildPiper_Rahul\Reports\05Mar_114726\buildPiperVersioningEnable_chrome\buildPiperVersioningEnable_chrome_65_Mar_114829.jpg alt='Lamp' width='500' height='400'> Clicking on element BpSecret Checkbox <img src=D:\BuildPiper_Rahul\Reports\05Mar_114726\buildPiperVersioningEnable_chrome\buildPiperVersioningEnable_chrome_65_Mar_114930.jpg alt='Lamp' width='500' height='400'> Element : xpath: //button[text()='Apply immediately']]is displayed on screen  Element [[ChromeDriver: chrome on WINDOWS (33abd7714b1250f65d525a1849ca77ab)] -> xpath: //button[text()='Apply immediately']] is not clickable using selenium click <img src=D:\BuildPiper_Rahul\Reports\05Mar_114726\buildPiperVersioningEnable_chrome\buildPiperVersioningEnable_chrome_65_Mar_114932.jpg alt='Lamp' width='500' height='400'> Clicking on element clicks on Apply Setting Immediately button <img src=D:\BuildPiper_Rahul\Reports\05Mar_114726\buildPiperVersioningEnable_chrome\buildPiperVersioningEnable_chrome_65_Mar_114932.jpg alt='Lamp' width='500' height='400'> Result upload to testlink is disabled, Please ensure you have 'UpdateTestLink=Yes' in project.properties  ####### End of Test Case: buildPiperVersioningEnable #######  </system-out>
</testsuite> <!-- com.buildpiper.testcases.SuperAdminTestCases -->
