<?xml version="1.0" encoding="UTF-8"?>
<!-- Generated by org.testng.reporters.JUnitReportReporter -->
<testsuite hostname="DESKTOP-PTF1H2O" failures="1" tests="1" name="com.buildpiper.testcases.ServiceCreationComprehensiveTestCases" time="128.829" errors="0" timestamp="2024-03-05T18:32:04 IST" skipped="0">
  <testcase classname="com.buildpiper.testcases.ServiceCreationComprehensiveTestCases" name="CreateandBuildService_withExtraParameter" time="128.829">
    <failure message="expected [~!`3#$%^&amp;&amp;*( yt 12345+_-:;\&quot;[]{]] but found [~!`3#$%^&amp;&amp;*( yt 12345+_-:;&quot;[]{]]" type="java.lang.AssertionError">
      <![CDATA[java.lang.AssertionError: expected [~!`3#$%^&&*( yt 12345+_-:;\"[]{]] but found [~!`3#$%^&&*( yt 12345+_-:;"[]{]]
at org.testng.Assert.fail(Assert.java:97)
at org.testng.Assert.assertEqualsImpl(Assert.java:136)
at org.testng.Assert.assertEquals(Assert.java:118)
at org.testng.Assert.assertEquals(Assert.java:575)
at org.testng.Assert.assertEquals(Assert.java:585)
at com.buildpiper.pages.BuildConfigurationPage.CreateAndValidateBuildConfig_withExtraParameters(BuildConfigurationPage.java:380)
at com.buildpiper.testcases.ServiceCreationComprehensiveTestCases.CreateandBuildService_withExtraParameter(ServiceCreationComprehensiveTestCases.java:487)
at java.base/jdk.internal.reflect.DirectMethodHandleAccessor.invoke(DirectMethodHandleAccessor.java:104)
at java.base/java.lang.reflect.Method.invoke(Method.java:578)
at org.testng.internal.MethodInvocationHelper.invokeMethod(MethodInvocationHelper.java:134)
at org.testng.internal.TestInvoker.invokeMethod(TestInvoker.java:597)
at org.testng.internal.TestInvoker.invokeTestMethod(TestInvoker.java:173)
at org.testng.internal.MethodRunner.runInSequence(MethodRunner.java:46)
at org.testng.internal.TestInvoker$MethodInvocationAgent.invoke(TestInvoker.java:816)
at org.testng.internal.TestInvoker.invokeTestMethods(TestInvoker.java:146)
at org.testng.internal.TestMethodWorker.invokeTestMethods(TestMethodWorker.java:146)
at org.testng.internal.TestMethodWorker.run(TestMethodWorker.java:128)
at java.base/java.util.ArrayList.forEach(ArrayList.java:1511)
at org.testng.TestRunner.privateRun(TestRunner.java:766)
at org.testng.TestRunner.run(TestRunner.java:587)
at org.testng.SuiteRunner.runTest(SuiteRunner.java:384)
at org.testng.SuiteRunner.runSequentially(SuiteRunner.java:378)
at org.testng.SuiteRunner.privateRun(SuiteRunner.java:337)
at org.testng.SuiteRunner.run(SuiteRunner.java:286)
at org.testng.SuiteRunnerWorker.runSuite(SuiteRunnerWorker.java:53)
at org.testng.SuiteRunnerWorker.run(SuiteRunnerWorker.java:96)
at org.testng.TestNG.runSuitesSequentially(TestNG.java:1187)
at org.testng.TestNG.runSuitesLocally(TestNG.java:1109)
at org.testng.TestNG.runSuites(TestNG.java:1039)
at org.testng.TestNG.run(TestNG.java:1007)
at org.testng.remote.AbstractRemoteTestNG.run(AbstractRemoteTestNG.java:115)
at org.testng.remote.RemoteTestNG.initAndRun(RemoteTestNG.java:251)
at org.testng.remote.RemoteTestNG.main(RemoteTestNG.java:77)
]]>
    </failure>
  </testcase> <!-- CreateandBuildService_withExtraParameter -->
  <system-out>
checking if driver exist <img src=D:\BuildPiper_Rahul\Reports\05Mar_182953\CreateandBuildService_withExtraParameter_chrome\CreateandBuildService_withExtraParameter_chrome_65_Mar_183009.jpg alt='Lamp' width='500' height='400'> checking if driver exist <img src=D:\BuildPiper_Rahul\Reports\05Mar_182953\CreateandBuildService_withExtraParameter_chrome\CreateandBuildService_withExtraParameter_chrome_65_Mar_183009.jpg alt='Lamp' width='500' height='400'> checking if driver exist <img src=D:\BuildPiper_Rahul\Reports\05Mar_182953\CreateandBuildService_withExtraParameter_chrome\CreateandBuildService_withExtraParameter_chrome_65_Mar_183009.jpg alt='Lamp' width='500' height='400'> checking if driver exist <img src=D:\BuildPiper_Rahul\Reports\05Mar_182953\CreateandBuildService_withExtraParameter_chrome\CreateandBuildService_withExtraParameter_chrome_65_Mar_183009.jpg alt='Lamp' width='500' height='400'> Element : xpath: //button[@type='button' and @aria-controls='menu-appbar']//div//div]is displayed on screen Clicking on element userMenuAppBar <img src=D:\BuildPiper_Rahul\Reports\05Mar_182953\CreateandBuildService_withExtraParameter_chrome\CreateandBuildService_withExtraParameter_chrome_65_Mar_183010.jpg alt='Lamp' width='500' height='400'> Element : xpath: //button[contains(@class,'btn-link-green')][text()=' Switch to User Portal']]is displayed on screen Clicking on element switching to user account <img src=D:\BuildPiper_Rahul\Reports\05Mar_182953\CreateandBuildService_withExtraParameter_chrome\CreateandBuildService_withExtraParameter_chrome_65_Mar_183010.jpg alt='Lamp' width='500' height='400'> Element : xpath: //li//button[contains(@class,'main-nav-1')]//span[1][@title]]is displayed on screen Element is present  xpath: //li//button[contains(@class,'main-nav-1')]//span[1][@title]] <img src=D:\BuildPiper_Rahul\Reports\05Mar_182953\CreateandBuildService_withExtraParameter_chrome\CreateandBuildService_withExtraParameter_chrome_65_Mar_183020.jpg alt='Lamp' width='500' height='400'> Element : xpath: //button//span[2][@class='flaticon-expand-arrow']/../..//div//span[@title='Service Overview']/span]is displayed on screen Element is present  xpath: //button//span[2][@class='flaticon-expand-arrow']/../..//div//span[@title='Service Overview']/span] <img src=D:\BuildPiper_Rahul\Reports\05Mar_182953\CreateandBuildService_withExtraParameter_chrome\CreateandBuildService_withExtraParameter_chrome_65_Mar_183024.jpg alt='Lamp' width='500' height='400'> Element : xpath: //a[@class='btn btn-submit']]is displayed on screen Element is present  xpath: //a[@class='btn btn-submit']] <img src=D:\BuildPiper_Rahul\Reports\05Mar_182953\CreateandBuildService_withExtraParameter_chrome\CreateandBuildService_withExtraParameter_chrome_65_Mar_183024.jpg alt='Lamp' width='500' height='400'> Element : xpath: //a[@class='btn btn-submit']]is displayed on screen Clicking on element Poc_QA addServiceBtn <img src=D:\BuildPiper_Rahul\Reports\05Mar_182953\CreateandBuildService_withExtraParameter_chrome\CreateandBuildService_withExtraParameter_chrome_65_Mar_183025.jpg alt='Lamp' width='500' height='400'> Element : xpath: //h1[@class='main-heading']]is displayed on screen Element is present  xpath: //h1[@class='main-heading']] <img src=D:\BuildPiper_Rahul\Reports\05Mar_182953\CreateandBuildService_withExtraParameter_chrome\CreateandBuildService_withExtraParameter_chrome_65_Mar_183025.jpg alt='Lamp' width='500' height='400'> Element : xpath: //p[(@class='hint-text-main-heading')]]is displayed on screen Element is present  xpath: //p[(@class='hint-text-main-heading')]] <img src=D:\BuildPiper_Rahul\Reports\05Mar_182953\CreateandBuildService_withExtraParameter_chrome\CreateandBuildService_withExtraParameter_chrome_65_Mar_183026.jpg alt='Lamp' width='500' height='400'> Element : xpath: //input[@placeholder='demo-app']]is displayed on screen Setting value on element sets service name <img src=D:\BuildPiper_Rahul\Reports\05Mar_182953\CreateandBuildService_withExtraParameter_chrome\CreateandBuildService_withExtraParameter_chrome_65_Mar_183026.jpg alt='Lamp' width='500' height='400'> Element : xpath: //input[@placeholder='Sample-Service']]is displayed on screen Setting value on element sets external name <img src=D:\BuildPiper_Rahul\Reports\05Mar_182953\CreateandBuildService_withExtraParameter_chrome\CreateandBuildService_withExtraParameter_chrome_65_Mar_183029.jpg alt='Lamp' width='500' height='400'> Element : xpath: //span[contains(.,'Build for every environment')]]is displayed on screen Clicking on element Poc_QA selectEveryRadioBtn <img src=D:\BuildPiper_Rahul\Reports\05Mar_182953\CreateandBuildService_withExtraParameter_chrome\CreateandBuildService_withExtraParameter_chrome_65_Mar_183030.jpg alt='Lamp' width='500' height='400'> Element : xpath: //button[@class='btn btn-submit']]is displayed on screen Clicking on element Poc_QA SubmitCreatePage <img src=D:\BuildPiper_Rahul\Reports\05Mar_182953\CreateandBuildService_withExtraParameter_chrome\CreateandBuildService_withExtraParameter_chrome_65_Mar_183030.jpg alt='Lamp' width='500' height='400'> Element : xpath: //h1[@class='h1' and contains(.,'Create a Environment')]]is displayed on screen Element is present  xpath: //h1[@class='h1' and contains(.,'Create a Environment')]] <img src=D:\BuildPiper_Rahul\Reports\05Mar_182953\CreateandBuildService_withExtraParameter_chrome\CreateandBuildService_withExtraParameter_chrome_65_Mar_183032.jpg alt='Lamp' width='500' height='400'> Element : xpath: //div[@class='staticwrap-inner']]is displayed on screen Element is present  xpath: //div[@class='staticwrap-inner']] <img src=D:\BuildPiper_Rahul\Reports\05Mar_182953\CreateandBuildService_withExtraParameter_chrome\CreateandBuildService_withExtraParameter_chrome_65_Mar_183032.jpg alt='Lamp' width='500' height='400'> Element : xpath: //select[@name='env_id']]is displayed on screen Element is present  xpath: //select[@name='env_id']] <img src=D:\BuildPiper_Rahul\Reports\05Mar_182953\CreateandBuildService_withExtraParameter_chrome\CreateandBuildService_withExtraParameter_chrome_65_Mar_183041.jpg alt='Lamp' width='500' height='400'> Element : xpath: //button[@class='btn btn-submit']]is displayed on screen Element is present  xpath: //button[@class='btn btn-submit']] <img src=D:\BuildPiper_Rahul\Reports\05Mar_182953\CreateandBuildService_withExtraParameter_chrome\CreateandBuildService_withExtraParameter_chrome_65_Mar_183116.jpg alt='Lamp' width='500' height='400'> Element : xpath: //button[@class='btn btn-submit']]is displayed on screen Clicking on element Poc_QA SubmitEnvPage <img src=D:\BuildPiper_Rahul\Reports\05Mar_182953\CreateandBuildService_withExtraParameter_chrome\CreateandBuildService_withExtraParameter_chrome_65_Mar_183116.jpg alt='Lamp' width='500' height='400'> Element : xpath: //div[@class='font-27 font-family-nunito font-weight-300 lh-12 mr-5']]is displayed on screen Element is present  xpath: //div[@class='font-27 font-family-nunito font-weight-300 lh-12 mr-5']] <img src=D:\BuildPiper_Rahul\Reports\05Mar_182953\CreateandBuildService_withExtraParameter_chrome\CreateandBuildService_withExtraParameter_chrome_65_Mar_183123.jpg alt='Lamp' width='500' height='400'> Element : xpath: //span[contains(text(),'Project:')]]is displayed on screen Element is present  xpath: //span[contains(text(),'Project:')]] <img src=D:\BuildPiper_Rahul\Reports\05Mar_182953\CreateandBuildService_withExtraParameter_chrome\CreateandBuildService_withExtraParameter_chrome_65_Mar_183123.jpg alt='Lamp' width='500' height='400'> Element : xpath: //*[text()='Env Build Details']]is displayed on screen Element is present  xpath: //*[text()='Env Build Details']] <img src=D:\BuildPiper_Rahul\Reports\05Mar_182953\CreateandBuildService_withExtraParameter_chrome\CreateandBuildService_withExtraParameter_chrome_65_Mar_183124.jpg alt='Lamp' width='500' height='400'> Element : xpath: //*[text()='Env Build Details']]is displayed on screen Clicking on element Poc_QA validateBuildDetails <img src=D:\BuildPiper_Rahul\Reports\05Mar_182953\CreateandBuildService_withExtraParameter_chrome\CreateandBuildService_withExtraParameter_chrome_65_Mar_183124.jpg alt='Lamp' width='500' height='400'> Element : xpath: //p[@class='main-text mb-10']]is displayed on screen Element is present  xpath: //p[@class='main-text mb-10']] <img src=D:\BuildPiper_Rahul\Reports\05Mar_182953\CreateandBuildService_withExtraParameter_chrome\CreateandBuildService_withExtraParameter_chrome_65_Mar_183125.jpg alt='Lamp' width='500' height='400'> Element : xpath: //span[@class='sub-text mb-10']]is displayed on screen Element is present  xpath: //span[@class='sub-text mb-10']] <img src=D:\BuildPiper_Rahul\Reports\05Mar_182953\CreateandBuildService_withExtraParameter_chrome\CreateandBuildService_withExtraParameter_chrome_65_Mar_183125.jpg alt='Lamp' width='500' height='400'> Element : xpath: //*[text()='Env Deploy Details']]is displayed on screen Element is present  xpath: //*[text()='Env Deploy Details']] <img src=D:\BuildPiper_Rahul\Reports\05Mar_182953\CreateandBuildService_withExtraParameter_chrome\CreateandBuildService_withExtraParameter_chrome_65_Mar_183125.jpg alt='Lamp' width='500' height='400'> Element : xpath: //*[text()='Env Deploy Details']]is displayed on screen Clicking on element Poc_QA validateDeployDetails <img src=D:\BuildPiper_Rahul\Reports\05Mar_182953\CreateandBuildService_withExtraParameter_chrome\CreateandBuildService_withExtraParameter_chrome_65_Mar_183125.jpg alt='Lamp' width='500' height='400'> Element : xpath: //p[@class='main-text mb-10']]is displayed on screen Element is present  xpath: //p[@class='main-text mb-10']] <img src=D:\BuildPiper_Rahul\Reports\05Mar_182953\CreateandBuildService_withExtraParameter_chrome\CreateandBuildService_withExtraParameter_chrome_65_Mar_183126.jpg alt='Lamp' width='500' height='400'> Element : xpath: //span[@class='sub-text mb-10']]is displayed on screen Element is present  xpath: //span[@class='sub-text mb-10']] <img src=D:\BuildPiper_Rahul\Reports\05Mar_182953\CreateandBuildService_withExtraParameter_chrome\CreateandBuildService_withExtraParameter_chrome_65_Mar_183126.jpg alt='Lamp' width='500' height='400'> Element : xpath: //*[text()='To have a very smooth configuration we strongly recommend BuildPiper UI.']]is displayed on screen Element is present  xpath: //*[text()='To have a very smooth configuration we strongly recommend BuildPiper UI.']] <img src=D:\BuildPiper_Rahul\Reports\05Mar_182953\CreateandBuildService_withExtraParameter_chrome\CreateandBuildService_withExtraParameter_chrome_65_Mar_183126.jpg alt='Lamp' width='500' height='400'> Element : xpath: //*[text()='you can also configure the CD by uploading your custom manifest file.']]is displayed on screen Element is present  xpath: //*[text()='you can also configure the CD by uploading your custom manifest file.']] <img src=D:\BuildPiper_Rahul\Reports\05Mar_182953\CreateandBuildService_withExtraParameter_chrome\CreateandBuildService_withExtraParameter_chrome_65_Mar_183126.jpg alt='Lamp' width='500' height='400'> Element : xpath: //*[text()='Env Build Details']]is displayed on screen Element is present  xpath: //*[text()='Env Build Details']] <img src=D:\BuildPiper_Rahul\Reports\05Mar_182953\CreateandBuildService_withExtraParameter_chrome\CreateandBuildService_withExtraParameter_chrome_65_Mar_183127.jpg alt='Lamp' width='500' height='400'> Element : xpath: //*[text()='Env Build Details']]is displayed on screen Clicking on element Poc_QA validateBuildDetails <img src=D:\BuildPiper_Rahul\Reports\05Mar_182953\CreateandBuildService_withExtraParameter_chrome\CreateandBuildService_withExtraParameter_chrome_65_Mar_183127.jpg alt='Lamp' width='500' height='400'> Element : xpath: //*[text()='Configure Build']]is displayed on screen Element is present  xpath: //*[text()='Configure Build']] <img src=D:\BuildPiper_Rahul\Reports\05Mar_182953\CreateandBuildService_withExtraParameter_chrome\CreateandBuildService_withExtraParameter_chrome_65_Mar_183127.jpg alt='Lamp' width='500' height='400'> Element : xpath: //*[text()='Configure Build']]is displayed on screen Clicking on element Poc_QA clickConfigBuild <img src=D:\BuildPiper_Rahul\Reports\05Mar_182953\CreateandBuildService_withExtraParameter_chrome\CreateandBuildService_withExtraParameter_chrome_65_Mar_183127.jpg alt='Lamp' width='500' height='400'> Element : xpath: //div[@class='md-step-circle current']]is displayed on screen Element is present  xpath: //div[@class='md-step-circle current']] <img src=D:\BuildPiper_Rahul\Reports\05Mar_182953\CreateandBuildService_withExtraParameter_chrome\CreateandBuildService_withExtraParameter_chrome_65_Mar_183131.jpg alt='Lamp' width='500' height='400'> Element : xpath: //h4[@class='mainHeading']]is displayed on screen Element is present  xpath: //h4[@class='mainHeading']] <img src=D:\BuildPiper_Rahul\Reports\05Mar_182953\CreateandBuildService_withExtraParameter_chrome\CreateandBuildService_withExtraParameter_chrome_65_Mar_183131.jpg alt='Lamp' width='500' height='400'> Element : xpath: //*[text()='Please Select the Git URL']]is displayed on screen Element is present  xpath: //*[text()='Please Select the Git URL']] <img src=D:\BuildPiper_Rahul\Reports\05Mar_182953\CreateandBuildService_withExtraParameter_chrome\CreateandBuildService_withExtraParameter_chrome_65_Mar_183131.jpg alt='Lamp' width='500' height='400'> Element : xpath: //div[@class='MuiInputBase-root MuiOutlinedInput-root MuiAutocomplete-inputRoot MuiInputBase-fullWidth MuiInputBase-formControl MuiInputBase-adornedEnd MuiOutlinedInput-adornedEnd']]is displayed on screen Element is present  xpath: //div[@class='MuiInputBase-root MuiOutlinedInput-root MuiAutocomplete-inputRoot MuiInputBase-fullWidth MuiInputBase-formControl MuiInputBase-adornedEnd MuiOutlinedInput-adornedEnd']] <img src=D:\BuildPiper_Rahul\Reports\05Mar_182953\CreateandBuildService_withExtraParameter_chrome\CreateandBuildService_withExtraParameter_chrome_65_Mar_183131.jpg alt='Lamp' width='500' height='400'> Element : xpath: //input[@name='git_url']]is displayed on screen Clicking on element Poc_QA gitUrlInputField <img src=D:\BuildPiper_Rahul\Reports\05Mar_182953\CreateandBuildService_withExtraParameter_chrome\CreateandBuildService_withExtraParameter_chrome_65_Mar_183132.jpg alt='Lamp' width='500' height='400'> Element : xpath: //button[@title='Clear']]is displayed on screen Clicking on element ClicksclearField <img src=D:\BuildPiper_Rahul\Reports\05Mar_182953\CreateandBuildService_withExtraParameter_chrome\CreateandBuildService_withExtraParameter_chrome_65_Mar_183137.jpg alt='Lamp' width='500' height='400'> Element : xpath: //input[@name='git_url']]is displayed on screen Element : xpath: //*[text()='Load Branches']]is displayed on screen Element is present  xpath: //*[text()='Load Branches']] <img src=D:\BuildPiper_Rahul\Reports\05Mar_182953\CreateandBuildService_withExtraParameter_chrome\CreateandBuildService_withExtraParameter_chrome_65_Mar_183147.jpg alt='Lamp' width='500' height='400'> Element : xpath: //*[text()='Load Branches']]is displayed on screen Clicking on element Poc_QA loadBranchesBtn <img src=D:\BuildPiper_Rahul\Reports\05Mar_182953\CreateandBuildService_withExtraParameter_chrome\CreateandBuildService_withExtraParameter_chrome_65_Mar_183147.jpg alt='Lamp' width='500' height='400'> Element : xpath: //input[@name='file_paths']]is displayed on screen Element : xpath: //input[@name='file_paths_build_context']]is displayed on screen Element : xpath: //*[text()='Advance Configurations']]is displayed on screen Element is present  xpath: //*[text()='Advance Configurations']] <img src=D:\BuildPiper_Rahul\Reports\05Mar_182953\CreateandBuildService_withExtraParameter_chrome\CreateandBuildService_withExtraParameter_chrome_65_Mar_183201.jpg alt='Lamp' width='500' height='400'> Element : xpath: //input[@name='custom_parameters']]is displayed on screen Setting value on element custom Parameters <img src=D:\BuildPiper_Rahul\Reports\05Mar_182953\CreateandBuildService_withExtraParameter_chrome\CreateandBuildService_withExtraParameter_chrome_65_Mar_183201.jpg alt='Lamp' width='500' height='400'> Result upload to testlink is disabled, Please ensure you have 'UpdateTestLink=Yes' in project.properties  ####### End of Test Case: CreateandBuildService_withExtraParameter #######  </system-out>
</testsuite> <!-- com.buildpiper.testcases.ServiceCreationComprehensiveTestCases -->
