<?xml version="1.0" encoding="UTF-8"?>
<!-- Generated by org.testng.reporters.JUnitReportReporter -->
<testsuite hostname="DESKTOP-PTF1H2O" failures="0" tests="2" name="com.buildpiper.testcases.RepoIntegrationTestCases" time="135.702" errors="0" timestamp="2024-01-19T19:39:53 IST" skipped="0">
  <testcase classname="com.buildpiper.testcases.RepoIntegrationTestCases" name="AddRepo" time="65.072"/>
  <system-out>
checking if driver exist <img src=D:\BuildPiper_Rahul\Reports\19Jan_185532\AddRepo_chrome\AddRepo_chrome_19_Jan_193248.jpg alt='Lamp' width='500' height='400'> Clicking on element Integration button under side bar <img src=D:\BuildPiper_Rahul\Reports\19Jan_185532\AddRepo_chrome\AddRepo_chrome_19_Jan_193303.jpg alt='Lamp' width='500' height='400'> Clicking on element Repo Integration button under Integration button <img src=D:\BuildPiper_Rahul\Reports\19Jan_185532\AddRepo_chrome\AddRepo_chrome_19_Jan_193304.jpg alt='Lamp' width='500' height='400'> Element is present  xpath: //button[contains(@class,'btn btn-primary-v2')][text()=' Add Repo']] <img src=D:\BuildPiper_Rahul\Reports\19Jan_185532\AddRepo_chrome\AddRepo_chrome_19_Jan_193304.jpg alt='Lamp' width='500' height='400'> Clicking on element clicks on add repo button <img src=D:\BuildPiper_Rahul\Reports\19Jan_185532\AddRepo_chrome\AddRepo_chrome_19_Jan_193304.jpg alt='Lamp' width='500' height='400'> Element is present  xpath: //input[@name='git_url' and @placeholder='https://bitbucket.buildpiper.in']] <img src=D:\BuildPiper_Rahul\Reports\19Jan_185532\AddRepo_chrome\AddRepo_chrome_19_Jan_193335.jpg alt='Lamp' width='500' height='400'> Clicking on element clicks on test connection button after entering URL <img src=D:\BuildPiper_Rahul\Reports\19Jan_185532\AddRepo_chrome\AddRepo_chrome_19_Jan_193337.jpg alt='Lamp' width='500' height='400'> Element is present  xpath: //div[contains(@class,'alert-success undefined')]//p] <img src=D:\BuildPiper_Rahul\Reports\19Jan_185532\AddRepo_chrome\AddRepo_chrome_19_Jan_193338.jpg alt='Lamp' width='500' height='400'> Clicking on element clicks on save button after entering URL <img src=D:\BuildPiper_Rahul\Reports\19Jan_185532\AddRepo_chrome\AddRepo_chrome_19_Jan_193338.jpg alt='Lamp' width='500' height='400'> Element is present  xpath: //div[contains(@class,'search-bar')]//input[@name='name' and @placeholder='Name']] <img src=D:\BuildPiper_Rahul\Reports\19Jan_185532\AddRepo_chrome\AddRepo_chrome_19_Jan_193340.jpg alt='Lamp' width='500' height='400'> Clicking on element edit icon in repo integration page <img src=D:\BuildPiper_Rahul\Reports\19Jan_185532\AddRepo_chrome\AddRepo_chrome_19_Jan_193340.jpg alt='Lamp' width='500' height='400'> Element is present  xpath: //a[contains(@href,'/repo/')][contains(@href,'/edit')]] <img src=D:\BuildPiper_Rahul\Reports\19Jan_185532\AddRepo_chrome\AddRepo_chrome_19_Jan_193341.jpg alt='Lamp' width='500' height='400'> Clicking on element clicks delete button <img src=D:\BuildPiper_Rahul\Reports\19Jan_185532\AddRepo_chrome\AddRepo_chrome_19_Jan_193341.jpg alt='Lamp' width='500' height='400'> Element is present  xpath: //div[@class='input-component']//*[@name='remarks' and @placeholder='Please enter the reason to delete']] <img src=D:\BuildPiper_Rahul\Reports\19Jan_185532\AddRepo_chrome\AddRepo_chrome_19_Jan_193341.jpg alt='Lamp' width='500' height='400'> Clicking on element clicks delete button <img src=D:\BuildPiper_Rahul\Reports\19Jan_185532\AddRepo_chrome\AddRepo_chrome_19_Jan_193341.jpg alt='Lamp' width='500' height='400'> ####### End of Test Case: AddRepo #######  </system-out>
  <testcase classname="com.buildpiper.testcases.RepoIntegrationTestCases" name="AddSecretsOnAddRepoPage" time="70.630"/>
  <system-out>
checking if driver exist <img src=D:\BuildPiper_Rahul\Reports\19Jan_185532\AddSecretsOnAddRepoPage_chrome\AddSecretsOnAddRepoPage_chrome_19_Jan_193412.jpg alt='Lamp' width='500' height='400'> Clicking on element Integration button under side bar <img src=D:\BuildPiper_Rahul\Reports\19Jan_185532\AddSecretsOnAddRepoPage_chrome\AddSecretsOnAddRepoPage_chrome_19_Jan_193413.jpg alt='Lamp' width='500' height='400'> Clicking on element Repo Integration button under Integration button <img src=D:\BuildPiper_Rahul\Reports\19Jan_185532\AddSecretsOnAddRepoPage_chrome\AddSecretsOnAddRepoPage_chrome_19_Jan_193413.jpg alt='Lamp' width='500' height='400'> Element is present  xpath: //button[contains(@class,'btn btn-primary-v2')][text()=' Add Repo']] <img src=D:\BuildPiper_Rahul\Reports\19Jan_185532\AddSecretsOnAddRepoPage_chrome\AddSecretsOnAddRepoPage_chrome_19_Jan_193413.jpg alt='Lamp' width='500' height='400'> Clicking on element clicks on add repo button <img src=D:\BuildPiper_Rahul\Reports\19Jan_185532\AddSecretsOnAddRepoPage_chrome\AddSecretsOnAddRepoPage_chrome_19_Jan_193413.jpg alt='Lamp' width='500' height='400'> Clicking on element adds new secret <img src=D:\BuildPiper_Rahul\Reports\19Jan_185532\AddSecretsOnAddRepoPage_chrome\AddSecretsOnAddRepoPage_chrome_19_Jan_193445.jpg alt='Lamp' width='500' height='400'> ####### End of Test Case: AddSecretsOnAddRepoPage #######  </system-out>
</testsuite> <!-- com.buildpiper.testcases.RepoIntegrationTestCases -->
