<?xml version="1.0" encoding="UTF-8"?>
<!-- Generated by org.testng.reporters.JUnitReportReporter -->
<testsuite hostname="DESKTOP-PTF1H2O" failures="0" tests="1" name="com.buildpiper.testcases.loginTestcases" time="15.935" errors="0" timestamp="2023-12-11T19:58:10 IST" skipped="0">
  <testcase classname="com.buildpiper.testcases.loginTestcases" name="fetchlogs" time="15.935"/>
  <system-out>
Result upload to testlink is disabled, Please ensure you have 'UpdateTestLink=Yes' in project.properties  ####### End of Test Case: fetchlogs #######  </system-out>
</testsuite> <!-- com.buildpiper.testcases.loginTestcases -->
