<?xml version="1.0" encoding="UTF-8"?>
<!-- Generated by org.testng.reporters.JUnitReportReporter -->
<testsuite hostname="DESKTOP-PTF1H2O" failures="0" tests="1" name="com.buildpiper.testcases.ServiceCreationTestcases" time="373.127" errors="0" timestamp="2024-02-21T12:43:36 IST" skipped="0">
  <testcase classname="com.buildpiper.testcases.ServiceCreationTestcases" name="ServiceOverviewSearchUI" time="373.127"/>
  <system-out>
checking if driver exist <img src=D:\BuildPiper_Rahul\Reports\21Feb_123722\ServiceOverviewSearchUI_chrome\ServiceOverviewSearchUI_chrome_52_Feb_123737.jpg alt='Lamp' width='500' height='400'> Element : xpath: //button[@type='button' and @aria-controls='menu-appbar']//div//div]is displayed on screen Clicking on element userMenuAppBar <img src=D:\BuildPiper_Rahul\Reports\21Feb_123722\ServiceOverviewSearchUI_chrome\ServiceOverviewSearchUI_chrome_52_Feb_123738.jpg alt='Lamp' width='500' height='400'> Element : xpath: //button[contains(@class,'btn-link-green')][text()=' Switch to User Portal']]is displayed on screen Clicking on element switching to user account <img src=D:\BuildPiper_Rahul\Reports\21Feb_123722\ServiceOverviewSearchUI_chrome\ServiceOverviewSearchUI_chrome_52_Feb_123738.jpg alt='Lamp' width='500' height='400'> checking if driver exist <img src=D:\BuildPiper_Rahul\Reports\21Feb_123722\ServiceOverviewSearchUI_chrome\ServiceOverviewSearchUI_chrome_52_Feb_123743.jpg alt='Lamp' width='500' height='400'> Element : xpath: //li//button[contains(@class,'main-nav-1')]//span[1][@title]]is displayed on screen Element is present  xpath: //li//button[contains(@class,'main-nav-1')]//span[1][@title]] <img src=D:\BuildPiper_Rahul\Reports\21Feb_123722\ServiceOverviewSearchUI_chrome\ServiceOverviewSearchUI_chrome_52_Feb_123743.jpg alt='Lamp' width='500' height='400'> Element : xpath: //button//span[2][@class='flaticon-expand-arrow']/../..//div//span[@title='Service Overview']/span]is displayed on screen Element is present  xpath: //button//span[2][@class='flaticon-expand-arrow']/../..//div//span[@title='Service Overview']/span] <img src=D:\BuildPiper_Rahul\Reports\21Feb_123722\ServiceOverviewSearchUI_chrome\ServiceOverviewSearchUI_chrome_52_Feb_123744.jpg alt='Lamp' width='500' height='400'> Element : xpath: //button//span[2][@class='flaticon-expand-arrow']/../..//div//span[@title='Service Overview']/span]is displayed on screen Clicking on element Poc_QA serviceOverviewLink <img src=D:\BuildPiper_Rahul\Reports\21Feb_123722\ServiceOverviewSearchUI_chrome\ServiceOverviewSearchUI_chrome_52_Feb_123744.jpg alt='Lamp' width='500' height='400'> Element : xpath: //input[@placeholder='Name']]is displayed on screen Element is present  xpath: //input[@placeholder='Name']] <img src=D:\BuildPiper_Rahul\Reports\21Feb_123722\ServiceOverviewSearchUI_chrome\ServiceOverviewSearchUI_chrome_52_Feb_123747.jpg alt='Lamp' width='500' height='400'> Element : xpath: //input[@placeholder='Name']]is displayed on screen Clicking on element clicks on environment overview tab under applicartion name <img src=D:\BuildPiper_Rahul\Reports\21Feb_123722\ServiceOverviewSearchUI_chrome\ServiceOverviewSearchUI_chrome_52_Feb_123748.jpg alt='Lamp' width='500' height='400'> Element : xpath: //input[@placeholder='Name']]is displayed on screen Element : xpath: //input[@placeholder='Name']]is displayed on screen Element is present  xpath: //input[@placeholder='Name']] <img src=D:\BuildPiper_Rahul\Reports\21Feb_123722\ServiceOverviewSearchUI_chrome\ServiceOverviewSearchUI_chrome_52_Feb_123751.jpg alt='Lamp' width='500' height='400'> Element : xpath: //input[@placeholder='Name']]is displayed on screen Clicking on element clicks on environment overview tab under applicartion name <img src=D:\BuildPiper_Rahul\Reports\21Feb_123722\ServiceOverviewSearchUI_chrome\ServiceOverviewSearchUI_chrome_52_Feb_123752.jpg alt='Lamp' width='500' height='400'> Element : xpath: //input[@placeholder='Name']]is displayed on screen Element : xpath: //button[text()='Check Status']]is displayed on screen Clicking on element Click on statusCheck <img src=D:\BuildPiper_Rahul\Reports\21Feb_123722\ServiceOverviewSearchUI_chrome\ServiceOverviewSearchUI_chrome_52_Feb_123755.jpg alt='Lamp' width='500' height='400'> Element is present  xpath: (//div/p[text()='Artifact']/following-sibling::span)[1]] <img src=D:\BuildPiper_Rahul\Reports\21Feb_123722\ServiceOverviewSearchUI_chrome\ServiceOverviewSearchUI_chrome_52_Feb_123805.jpg alt='Lamp' width='500' height='400'> Element is present  xpath: //button[@title='Build']] <img src=D:\BuildPiper_Rahul\Reports\21Feb_123722\ServiceOverviewSearchUI_chrome\ServiceOverviewSearchUI_chrome_52_Feb_123806.jpg alt='Lamp' width='500' height='400'> Element is present  xpath: //button[@title='Deploy']] <img src=D:\BuildPiper_Rahul\Reports\21Feb_123722\ServiceOverviewSearchUI_chrome\ServiceOverviewSearchUI_chrome_52_Feb_123806.jpg alt='Lamp' width='500' height='400'> Element is present  xpath: //button/span[@class='flaticon-forward-arrow']] <img src=D:\BuildPiper_Rahul\Reports\21Feb_123722\ServiceOverviewSearchUI_chrome\ServiceOverviewSearchUI_chrome_52_Feb_123806.jpg alt='Lamp' width='500' height='400'> Element is present  xpath: //button[@title='History']] <img src=D:\BuildPiper_Rahul\Reports\21Feb_123722\ServiceOverviewSearchUI_chrome\ServiceOverviewSearchUI_chrome_52_Feb_123806.jpg alt='Lamp' width='500' height='400'> Element is present  xpath: //button[@title='Monitoring']] <img src=D:\BuildPiper_Rahul\Reports\21Feb_123722\ServiceOverviewSearchUI_chrome\ServiceOverviewSearchUI_chrome_52_Feb_123806.jpg alt='Lamp' width='500' height='400'> Element : xpath: //button[@title='History']]is displayed on screen  Element [[ChromeDriver: chrome on WINDOWS (1d0121b586c740a9eca7d59dfc829fce)] -> xpath: //button[@title='History']] is not clickable using selenium click <img src=D:\BuildPiper_Rahul\Reports\21Feb_123722\ServiceOverviewSearchUI_chrome\ServiceOverviewSearchUI_chrome_52_Feb_123808.jpg alt='Lamp' width='500' height='400'> Clicking on element Click on History Icon <img src=D:\BuildPiper_Rahul\Reports\21Feb_123722\ServiceOverviewSearchUI_chrome\ServiceOverviewSearchUI_chrome_52_Feb_123808.jpg alt='Lamp' width='500' height='400'> Element is present  xpath: (//p[contains(@title,'tag : ')])[1]] <img src=D:\BuildPiper_Rahul\Reports\21Feb_123722\ServiceOverviewSearchUI_chrome\ServiceOverviewSearchUI_chrome_52_Feb_123808.jpg alt='Lamp' width='500' height='400'> Element is present  xpath: (//p[contains(@title,'no_cache : ')])[1]] <img src=D:\BuildPiper_Rahul\Reports\21Feb_123722\ServiceOverviewSearchUI_chrome\ServiceOverviewSearchUI_chrome_52_Feb_123809.jpg alt='Lamp' width='500' height='400'> Element is present  xpath: (//p[contains(@title,'is_deploy : ')])[1]] <img src=D:\BuildPiper_Rahul\Reports\21Feb_123722\ServiceOverviewSearchUI_chrome\ServiceOverviewSearchUI_chrome_52_Feb_123809.jpg alt='Lamp' width='500' height='400'> Element is present  xpath: (//p[contains(@title,'custom_tag : ')])[1]] <img src=D:\BuildPiper_Rahul\Reports\21Feb_123722\ServiceOverviewSearchUI_chrome\ServiceOverviewSearchUI_chrome_52_Feb_123809.jpg alt='Lamp' width='500' height='400'> Element is present  xpath: (//p[contains(@title,'branch_name : ')])[1]] <img src=D:\BuildPiper_Rahul\Reports\21Feb_123722\ServiceOverviewSearchUI_chrome\ServiceOverviewSearchUI_chrome_52_Feb_123809.jpg alt='Lamp' width='500' height='400'> Element is present  xpath: (//p[contains(@title,'activity_master_code : ')])[1]] <img src=D:\BuildPiper_Rahul\Reports\21Feb_123722\ServiceOverviewSearchUI_chrome\ServiceOverviewSearchUI_chrome_52_Feb_123809.jpg alt='Lamp' width='500' height='400'> Element : xpath: //button[@class='MuiButtonBase-root MuiIconButton-root MuiIconButton-colorInherit MuiIconButton-edgeEnd']]is displayed on screen Clicking on element Click on historywindow_closeButton <img src=D:\BuildPiper_Rahul\Reports\21Feb_123722\ServiceOverviewSearchUI_chrome\ServiceOverviewSearchUI_chrome_52_Feb_123810.jpg alt='Lamp' width='500' height='400'> Element : xpath: //button[@title='Build']]is displayed on screen Clicking on element buildButton <img src=D:\BuildPiper_Rahul\Reports\21Feb_123722\ServiceOverviewSearchUI_chrome\ServiceOverviewSearchUI_chrome_52_Feb_123814.jpg alt='Lamp' width='500' height='400'> Element : xpath: //div[contains(@class,'popup-card')]//span[text()='Build #']]is displayed on screen Clicking on element buildRecent <img src=D:\BuildPiper_Rahul\Reports\21Feb_123722\ServiceOverviewSearchUI_chrome\ServiceOverviewSearchUI_chrome_52_Feb_123846.jpg alt='Lamp' width='500' height='400'> Element : xpath: //div[@class='card']//button[@class='MuiButtonBase-root MuiIconButton-root']]is displayed on screen Clicking on element clicks buildwindow_closeButton <img src=D:\BuildPiper_Rahul\Reports\21Feb_123722\ServiceOverviewSearchUI_chrome\ServiceOverviewSearchUI_chrome_52_Feb_123850.jpg alt='Lamp' width='500' height='400'> Element : xpath: //span[text()='QA']/../span[2]/following-sibling::span]is displayed on screen Clicking on element Select Environment Tab <img src=D:\BuildPiper_Rahul\Reports\21Feb_123722\ServiceOverviewSearchUI_chrome\ServiceOverviewSearchUI_chrome_52_Feb_123850.jpg alt='Lamp' width='500' height='400'> Element is present  xpath: (//div/p[text()='Artifact']/following-sibling::span)[1]] <img src=D:\BuildPiper_Rahul\Reports\21Feb_123722\ServiceOverviewSearchUI_chrome\ServiceOverviewSearchUI_chrome_52_Feb_123855.jpg alt='Lamp' width='500' height='400'> Element is present  xpath: //button[@title='Build']] <img src=D:\BuildPiper_Rahul\Reports\21Feb_123722\ServiceOverviewSearchUI_chrome\ServiceOverviewSearchUI_chrome_52_Feb_123855.jpg alt='Lamp' width='500' height='400'> Element is present  xpath: //button[@title='Deploy']] <img src=D:\BuildPiper_Rahul\Reports\21Feb_123722\ServiceOverviewSearchUI_chrome\ServiceOverviewSearchUI_chrome_52_Feb_123855.jpg alt='Lamp' width='500' height='400'> Element is present  xpath: //button/span[@class='flaticon-forward-arrow']] <img src=D:\BuildPiper_Rahul\Reports\21Feb_123722\ServiceOverviewSearchUI_chrome\ServiceOverviewSearchUI_chrome_52_Feb_123855.jpg alt='Lamp' width='500' height='400'> Element is present  xpath: //button[@title='History']] <img src=D:\BuildPiper_Rahul\Reports\21Feb_123722\ServiceOverviewSearchUI_chrome\ServiceOverviewSearchUI_chrome_52_Feb_123856.jpg alt='Lamp' width='500' height='400'> Element is present  xpath: //button[@title='Monitoring']] <img src=D:\BuildPiper_Rahul\Reports\21Feb_123722\ServiceOverviewSearchUI_chrome\ServiceOverviewSearchUI_chrome_52_Feb_123856.jpg alt='Lamp' width='500' height='400'> Element : xpath: //button[@title='History']]is displayed on screen Clicking on element Click on History Icon <img src=D:\BuildPiper_Rahul\Reports\21Feb_123722\ServiceOverviewSearchUI_chrome\ServiceOverviewSearchUI_chrome_52_Feb_123856.jpg alt='Lamp' width='500' height='400'> Element is present  xpath: (//p[contains(@title,'custom_tag : ')])[1]] <img src=D:\BuildPiper_Rahul\Reports\21Feb_123722\ServiceOverviewSearchUI_chrome\ServiceOverviewSearchUI_chrome_52_Feb_123900.jpg alt='Lamp' width='500' height='400'> Element is present  xpath: (//p[contains(@title,'branch_name : ')])[1]] <img src=D:\BuildPiper_Rahul\Reports\21Feb_123722\ServiceOverviewSearchUI_chrome\ServiceOverviewSearchUI_chrome_52_Feb_123901.jpg alt='Lamp' width='500' height='400'> Element is present  xpath: (//p[contains(@title,'activity_master_code : ')])[1]] <img src=D:\BuildPiper_Rahul\Reports\21Feb_123722\ServiceOverviewSearchUI_chrome\ServiceOverviewSearchUI_chrome_52_Feb_123901.jpg alt='Lamp' width='500' height='400'> Element : xpath: //button[@class='MuiButtonBase-root MuiIconButton-root MuiIconButton-colorInherit MuiIconButton-edgeEnd']]is displayed on screen Clicking on element Click on historywindow_closeButton <img src=D:\BuildPiper_Rahul\Reports\21Feb_123722\ServiceOverviewSearchUI_chrome\ServiceOverviewSearchUI_chrome_52_Feb_123901.jpg alt='Lamp' width='500' height='400'> Element : xpath: //button[@title='Build']]is displayed on screen Clicking on element buildButton <img src=D:\BuildPiper_Rahul\Reports\21Feb_123722\ServiceOverviewSearchUI_chrome\ServiceOverviewSearchUI_chrome_52_Feb_123905.jpg alt='Lamp' width='500' height='400'> Element : xpath: //div[contains(@class,'popup-card')]//span[text()='Build #']]is displayed on screen Clicking on element buildRecent <img src=D:\BuildPiper_Rahul\Reports\21Feb_123722\ServiceOverviewSearchUI_chrome\ServiceOverviewSearchUI_chrome_52_Feb_123938.jpg alt='Lamp' width='500' height='400'> Element : xpath: //div[@class='card']//button[@class='MuiButtonBase-root MuiIconButton-root']]is displayed on screen Clicking on element clicks buildwindow_closeButton <img src=D:\BuildPiper_Rahul\Reports\21Feb_123722\ServiceOverviewSearchUI_chrome\ServiceOverviewSearchUI_chrome_52_Feb_123942.jpg alt='Lamp' width='500' height='400'> Element : xpath: //span[text()='PROD']/../span[2]/following-sibling::span]is displayed on screen Clicking on element Select Environment Tab <img src=D:\BuildPiper_Rahul\Reports\21Feb_123722\ServiceOverviewSearchUI_chrome\ServiceOverviewSearchUI_chrome_52_Feb_123942.jpg alt='Lamp' width='500' height='400'> Element is present  xpath: (//div/p[text()='Artifact']/following-sibling::span)[1]] <img src=D:\BuildPiper_Rahul\Reports\21Feb_123722\ServiceOverviewSearchUI_chrome\ServiceOverviewSearchUI_chrome_52_Feb_123946.jpg alt='Lamp' width='500' height='400'> Element is present  xpath: //button[@title='Build']] <img src=D:\BuildPiper_Rahul\Reports\21Feb_123722\ServiceOverviewSearchUI_chrome\ServiceOverviewSearchUI_chrome_52_Feb_123946.jpg alt='Lamp' width='500' height='400'> Element is present  xpath: //button[@title='Deploy']] <img src=D:\BuildPiper_Rahul\Reports\21Feb_123722\ServiceOverviewSearchUI_chrome\ServiceOverviewSearchUI_chrome_52_Feb_123947.jpg alt='Lamp' width='500' height='400'> Element is present  xpath: //button/span[@class='flaticon-forward-arrow']] <img src=D:\BuildPiper_Rahul\Reports\21Feb_123722\ServiceOverviewSearchUI_chrome\ServiceOverviewSearchUI_chrome_52_Feb_123947.jpg alt='Lamp' width='500' height='400'> Element is present  xpath: //button[@title='History']] <img src=D:\BuildPiper_Rahul\Reports\21Feb_123722\ServiceOverviewSearchUI_chrome\ServiceOverviewSearchUI_chrome_52_Feb_123947.jpg alt='Lamp' width='500' height='400'> Element is present  xpath: //button[@title='Monitoring']] <img src=D:\BuildPiper_Rahul\Reports\21Feb_123722\ServiceOverviewSearchUI_chrome\ServiceOverviewSearchUI_chrome_52_Feb_123947.jpg alt='Lamp' width='500' height='400'> Element : xpath: //button[@title='History']]is displayed on screen Clicking on element Click on History Icon <img src=D:\BuildPiper_Rahul\Reports\21Feb_123722\ServiceOverviewSearchUI_chrome\ServiceOverviewSearchUI_chrome_52_Feb_123948.jpg alt='Lamp' width='500' height='400'> Element is present  xpath: (//p[contains(@title,'tag : ')])[1]] <img src=D:\BuildPiper_Rahul\Reports\21Feb_123722\ServiceOverviewSearchUI_chrome\ServiceOverviewSearchUI_chrome_52_Feb_123952.jpg alt='Lamp' width='500' height='400'> Element is present  xpath: (//p[contains(@title,'no_cache : ')])[1]] <img src=D:\BuildPiper_Rahul\Reports\21Feb_123722\ServiceOverviewSearchUI_chrome\ServiceOverviewSearchUI_chrome_52_Feb_123952.jpg alt='Lamp' width='500' height='400'> Element is present  xpath: (//p[contains(@title,'is_deploy : ')])[1]] <img src=D:\BuildPiper_Rahul\Reports\21Feb_123722\ServiceOverviewSearchUI_chrome\ServiceOverviewSearchUI_chrome_52_Feb_123952.jpg alt='Lamp' width='500' height='400'> Element is present  xpath: (//p[contains(@title,'custom_tag : ')])[1]] <img src=D:\BuildPiper_Rahul\Reports\21Feb_123722\ServiceOverviewSearchUI_chrome\ServiceOverviewSearchUI_chrome_52_Feb_123952.jpg alt='Lamp' width='500' height='400'> Element is present  xpath: (//p[contains(@title,'branch_name : ')])[1]] <img src=D:\BuildPiper_Rahul\Reports\21Feb_123722\ServiceOverviewSearchUI_chrome\ServiceOverviewSearchUI_chrome_52_Feb_123953.jpg alt='Lamp' width='500' height='400'> Element is present  xpath: (//p[contains(@title,'activity_master_code : ')])[1]] <img src=D:\BuildPiper_Rahul\Reports\21Feb_123722\ServiceOverviewSearchUI_chrome\ServiceOverviewSearchUI_chrome_52_Feb_123953.jpg alt='Lamp' width='500' height='400'> Element : xpath: //button[@class='MuiButtonBase-root MuiIconButton-root MuiIconButton-colorInherit MuiIconButton-edgeEnd']]is displayed on screen Clicking on element Click on historywindow_closeButton <img src=D:\BuildPiper_Rahul\Reports\21Feb_123722\ServiceOverviewSearchUI_chrome\ServiceOverviewSearchUI_chrome_52_Feb_123953.jpg alt='Lamp' width='500' height='400'> Element : xpath: //button[@title='Build']]is displayed on screen Clicking on element buildButton <img src=D:\BuildPiper_Rahul\Reports\21Feb_123722\ServiceOverviewSearchUI_chrome\ServiceOverviewSearchUI_chrome_52_Feb_123957.jpg alt='Lamp' width='500' height='400'> Element : xpath: //div[contains(@class,'popup-card')]//span[text()='Build #']]is displayed on screen Clicking on element buildRecent <img src=D:\BuildPiper_Rahul\Reports\21Feb_123722\ServiceOverviewSearchUI_chrome\ServiceOverviewSearchUI_chrome_52_Feb_124030.jpg alt='Lamp' width='500' height='400'> Element : xpath: //div[@class='card']//button[@class='MuiButtonBase-root MuiIconButton-root']]is displayed on screen Clicking on element clicks buildwindow_closeButton <img src=D:\BuildPiper_Rahul\Reports\21Feb_123722\ServiceOverviewSearchUI_chrome\ServiceOverviewSearchUI_chrome_52_Feb_124034.jpg alt='Lamp' width='500' height='400'> checking if driver exist <img src=D:\BuildPiper_Rahul\Reports\21Feb_123722\ServiceOverviewSearchUI_chrome\ServiceOverviewSearchUI_chrome_52_Feb_124036.jpg alt='Lamp' width='500' height='400'> Element : xpath: //button[@type='button' and @aria-controls='menu-appbar']//div//div]is displayed on screen Clicking on element userMenuAppBar <img src=D:\BuildPiper_Rahul\Reports\21Feb_123722\ServiceOverviewSearchUI_chrome\ServiceOverviewSearchUI_chrome_52_Feb_124036.jpg alt='Lamp' width='500' height='400'> Element : xpath: //button[contains(@class,'btn-link-green')][text()=' Switch to Admin Portal']]is displayed on screen Clicking on element switching to user account <img src=D:\BuildPiper_Rahul\Reports\21Feb_123722\ServiceOverviewSearchUI_chrome\ServiceOverviewSearchUI_chrome_52_Feb_124037.jpg alt='Lamp' width='500' height='400'> checking if driver exist <img src=D:\BuildPiper_Rahul\Reports\21Feb_123722\ServiceOverviewSearchUI_chrome\ServiceOverviewSearchUI_chrome_52_Feb_124041.jpg alt='Lamp' width='500' height='400'> Element : xpath: //button[@type='button' and @aria-controls='menu-appbar']//div//div]is displayed on screen Clicking on element userMenuAppBar <img src=D:\BuildPiper_Rahul\Reports\21Feb_123722\ServiceOverviewSearchUI_chrome\ServiceOverviewSearchUI_chrome_52_Feb_124041.jpg alt='Lamp' width='500' height='400'> Element : xpath: //button[contains(@class,'btn-link-green')][text()=' Switch to User Portal']]is displayed on screen Clicking on element switching to user account <img src=D:\BuildPiper_Rahul\Reports\21Feb_123722\ServiceOverviewSearchUI_chrome\ServiceOverviewSearchUI_chrome_52_Feb_124042.jpg alt='Lamp' width='500' height='400'> checking if driver exist <img src=D:\BuildPiper_Rahul\Reports\21Feb_123722\ServiceOverviewSearchUI_chrome\ServiceOverviewSearchUI_chrome_52_Feb_124046.jpg alt='Lamp' width='500' height='400'> Element : xpath: //li//button[contains(@class,'main-nav-1')]//span[1][@title]]is displayed on screen Element is present  xpath: //li//button[contains(@class,'main-nav-1')]//span[1][@title]] <img src=D:\BuildPiper_Rahul\Reports\21Feb_123722\ServiceOverviewSearchUI_chrome\ServiceOverviewSearchUI_chrome_52_Feb_124046.jpg alt='Lamp' width='500' height='400'> Element : xpath: //button//span[2][@class='flaticon-expand-arrow']/../..//div//span[@title='Service Overview']/span]is displayed on screen Element is present  xpath: //button//span[2][@class='flaticon-expand-arrow']/../..//div//span[@title='Service Overview']/span] <img src=D:\BuildPiper_Rahul\Reports\21Feb_123722\ServiceOverviewSearchUI_chrome\ServiceOverviewSearchUI_chrome_52_Feb_124046.jpg alt='Lamp' width='500' height='400'> Element : xpath: //button//span[2][@class='flaticon-expand-arrow']/../..//div//span[@title='Service Overview']/span]is displayed on screen Clicking on element Poc_QA serviceOverviewLink <img src=D:\BuildPiper_Rahul\Reports\21Feb_123722\ServiceOverviewSearchUI_chrome\ServiceOverviewSearchUI_chrome_52_Feb_124047.jpg alt='Lamp' width='500' height='400'> Element : xpath: //input[@placeholder='Name']]is displayed on screen Element is present  xpath: //input[@placeholder='Name']] <img src=D:\BuildPiper_Rahul\Reports\21Feb_123722\ServiceOverviewSearchUI_chrome\ServiceOverviewSearchUI_chrome_52_Feb_124050.jpg alt='Lamp' width='500' height='400'> Element : xpath: //input[@placeholder='Name']]is displayed on screen Clicking on element clicks on environment overview tab under applicartion name <img src=D:\BuildPiper_Rahul\Reports\21Feb_123722\ServiceOverviewSearchUI_chrome\ServiceOverviewSearchUI_chrome_52_Feb_124050.jpg alt='Lamp' width='500' height='400'> Element : xpath: //input[@placeholder='Name']]is displayed on screen Element : xpath: //input[@placeholder='Name']]is displayed on screen Element is present  xpath: //input[@placeholder='Name']] <img src=D:\BuildPiper_Rahul\Reports\21Feb_123722\ServiceOverviewSearchUI_chrome\ServiceOverviewSearchUI_chrome_52_Feb_124054.jpg alt='Lamp' width='500' height='400'> Element : xpath: //input[@placeholder='Name']]is displayed on screen Clicking on element clicks on environment overview tab under applicartion name <img src=D:\BuildPiper_Rahul\Reports\21Feb_123722\ServiceOverviewSearchUI_chrome\ServiceOverviewSearchUI_chrome_52_Feb_124054.jpg alt='Lamp' width='500' height='400'> Element : xpath: //input[@placeholder='Name']]is displayed on screen Element : xpath: //button[text()='Check Status']]is displayed on screen Clicking on element Click on statusCheck <img src=D:\BuildPiper_Rahul\Reports\21Feb_123722\ServiceOverviewSearchUI_chrome\ServiceOverviewSearchUI_chrome_52_Feb_124057.jpg alt='Lamp' width='500' height='400'> Element is present  xpath: (//div/p[text()='Artifact']/following-sibling::span)[1]] <img src=D:\BuildPiper_Rahul\Reports\21Feb_123722\ServiceOverviewSearchUI_chrome\ServiceOverviewSearchUI_chrome_52_Feb_124108.jpg alt='Lamp' width='500' height='400'> Element is present  xpath: //button[@title='Build']] <img src=D:\BuildPiper_Rahul\Reports\21Feb_123722\ServiceOverviewSearchUI_chrome\ServiceOverviewSearchUI_chrome_52_Feb_124108.jpg alt='Lamp' width='500' height='400'> Element is present  xpath: //button[@title='Deploy']] <img src=D:\BuildPiper_Rahul\Reports\21Feb_123722\ServiceOverviewSearchUI_chrome\ServiceOverviewSearchUI_chrome_52_Feb_124108.jpg alt='Lamp' width='500' height='400'> Element is present  xpath: //button/span[@class='flaticon-forward-arrow']] <img src=D:\BuildPiper_Rahul\Reports\21Feb_123722\ServiceOverviewSearchUI_chrome\ServiceOverviewSearchUI_chrome_52_Feb_124108.jpg alt='Lamp' width='500' height='400'> Element is present  xpath: //button[@title='History']] <img src=D:\BuildPiper_Rahul\Reports\21Feb_123722\ServiceOverviewSearchUI_chrome\ServiceOverviewSearchUI_chrome_52_Feb_124108.jpg alt='Lamp' width='500' height='400'> Element is present  xpath: //button[@title='Monitoring']] <img src=D:\BuildPiper_Rahul\Reports\21Feb_123722\ServiceOverviewSearchUI_chrome\ServiceOverviewSearchUI_chrome_52_Feb_124109.jpg alt='Lamp' width='500' height='400'> Element : xpath: //button[@title='History']]is displayed on screen  Element [[ChromeDriver: chrome on WINDOWS (1d0121b586c740a9eca7d59dfc829fce)] -> xpath: //button[@title='History']] is not clickable using selenium click <img src=D:\BuildPiper_Rahul\Reports\21Feb_123722\ServiceOverviewSearchUI_chrome\ServiceOverviewSearchUI_chrome_52_Feb_124110.jpg alt='Lamp' width='500' height='400'> Clicking on element Click on History Icon <img src=D:\BuildPiper_Rahul\Reports\21Feb_123722\ServiceOverviewSearchUI_chrome\ServiceOverviewSearchUI_chrome_52_Feb_124110.jpg alt='Lamp' width='500' height='400'> Element is present  xpath: (//p[contains(@title,'tag : ')])[1]] <img src=D:\BuildPiper_Rahul\Reports\21Feb_123722\ServiceOverviewSearchUI_chrome\ServiceOverviewSearchUI_chrome_52_Feb_124111.jpg alt='Lamp' width='500' height='400'> Element is present  xpath: (//p[contains(@title,'no_cache : ')])[1]] <img src=D:\BuildPiper_Rahul\Reports\21Feb_123722\ServiceOverviewSearchUI_chrome\ServiceOverviewSearchUI_chrome_52_Feb_124111.jpg alt='Lamp' width='500' height='400'> Element is present  xpath: (//p[contains(@title,'is_deploy : ')])[1]] <img src=D:\BuildPiper_Rahul\Reports\21Feb_123722\ServiceOverviewSearchUI_chrome\ServiceOverviewSearchUI_chrome_52_Feb_124111.jpg alt='Lamp' width='500' height='400'> Element is present  xpath: (//p[contains(@title,'custom_tag : ')])[1]] <img src=D:\BuildPiper_Rahul\Reports\21Feb_123722\ServiceOverviewSearchUI_chrome\ServiceOverviewSearchUI_chrome_52_Feb_124111.jpg alt='Lamp' width='500' height='400'> Element is present  xpath: (//p[contains(@title,'branch_name : ')])[1]] <img src=D:\BuildPiper_Rahul\Reports\21Feb_123722\ServiceOverviewSearchUI_chrome\ServiceOverviewSearchUI_chrome_52_Feb_124111.jpg alt='Lamp' width='500' height='400'> Element is present  xpath: (//p[contains(@title,'activity_master_code : ')])[1]] <img src=D:\BuildPiper_Rahul\Reports\21Feb_123722\ServiceOverviewSearchUI_chrome\ServiceOverviewSearchUI_chrome_52_Feb_124112.jpg alt='Lamp' width='500' height='400'> Element : xpath: //button[@class='MuiButtonBase-root MuiIconButton-root MuiIconButton-colorInherit MuiIconButton-edgeEnd']]is displayed on screen Clicking on element Click on historywindow_closeButton <img src=D:\BuildPiper_Rahul\Reports\21Feb_123722\ServiceOverviewSearchUI_chrome\ServiceOverviewSearchUI_chrome_52_Feb_124112.jpg alt='Lamp' width='500' height='400'> Element : xpath: //button[@title='Build']]is displayed on screen Clicking on element buildButton <img src=D:\BuildPiper_Rahul\Reports\21Feb_123722\ServiceOverviewSearchUI_chrome\ServiceOverviewSearchUI_chrome_52_Feb_124116.jpg alt='Lamp' width='500' height='400'> Element : xpath: //div[contains(@class,'popup-card')]//span[text()='Build #']]is displayed on screen Clicking on element buildRecent <img src=D:\BuildPiper_Rahul\Reports\21Feb_123722\ServiceOverviewSearchUI_chrome\ServiceOverviewSearchUI_chrome_52_Feb_124149.jpg alt='Lamp' width='500' height='400'> Element : xpath: //div[@class='card']//button[@class='MuiButtonBase-root MuiIconButton-root']]is displayed on screen Clicking on element clicks buildwindow_closeButton <img src=D:\BuildPiper_Rahul\Reports\21Feb_123722\ServiceOverviewSearchUI_chrome\ServiceOverviewSearchUI_chrome_52_Feb_124152.jpg alt='Lamp' width='500' height='400'> Element : xpath: //span[text()='QA']/../span[2]/following-sibling::span]is displayed on screen Clicking on element Select Environment Tab <img src=D:\BuildPiper_Rahul\Reports\21Feb_123722\ServiceOverviewSearchUI_chrome\ServiceOverviewSearchUI_chrome_52_Feb_124153.jpg alt='Lamp' width='500' height='400'> Element is present  xpath: (//div/p[text()='Artifact']/following-sibling::span)[1]] <img src=D:\BuildPiper_Rahul\Reports\21Feb_123722\ServiceOverviewSearchUI_chrome\ServiceOverviewSearchUI_chrome_52_Feb_124157.jpg alt='Lamp' width='500' height='400'> Element is present  xpath: //button[@title='Build']] <img src=D:\BuildPiper_Rahul\Reports\21Feb_123722\ServiceOverviewSearchUI_chrome\ServiceOverviewSearchUI_chrome_52_Feb_124157.jpg alt='Lamp' width='500' height='400'> Element is present  xpath: //button[@title='Deploy']] <img src=D:\BuildPiper_Rahul\Reports\21Feb_123722\ServiceOverviewSearchUI_chrome\ServiceOverviewSearchUI_chrome_52_Feb_124157.jpg alt='Lamp' width='500' height='400'> Element is present  xpath: //button/span[@class='flaticon-forward-arrow']] <img src=D:\BuildPiper_Rahul\Reports\21Feb_123722\ServiceOverviewSearchUI_chrome\ServiceOverviewSearchUI_chrome_52_Feb_124158.jpg alt='Lamp' width='500' height='400'> Element is present  xpath: //button[@title='History']] <img src=D:\BuildPiper_Rahul\Reports\21Feb_123722\ServiceOverviewSearchUI_chrome\ServiceOverviewSearchUI_chrome_52_Feb_124158.jpg alt='Lamp' width='500' height='400'> Element is present  xpath: //button[@title='Monitoring']] <img src=D:\BuildPiper_Rahul\Reports\21Feb_123722\ServiceOverviewSearchUI_chrome\ServiceOverviewSearchUI_chrome_52_Feb_124158.jpg alt='Lamp' width='500' height='400'> Element : xpath: //button[@title='History']]is displayed on screen Clicking on element Click on History Icon <img src=D:\BuildPiper_Rahul\Reports\21Feb_123722\ServiceOverviewSearchUI_chrome\ServiceOverviewSearchUI_chrome_52_Feb_124158.jpg alt='Lamp' width='500' height='400'> Element is present  xpath: (//p[contains(@title,'custom_tag : ')])[1]] <img src=D:\BuildPiper_Rahul\Reports\21Feb_123722\ServiceOverviewSearchUI_chrome\ServiceOverviewSearchUI_chrome_52_Feb_124203.jpg alt='Lamp' width='500' height='400'> Element is present  xpath: (//p[contains(@title,'branch_name : ')])[1]] <img src=D:\BuildPiper_Rahul\Reports\21Feb_123722\ServiceOverviewSearchUI_chrome\ServiceOverviewSearchUI_chrome_52_Feb_124203.jpg alt='Lamp' width='500' height='400'> Element is present  xpath: (//p[contains(@title,'activity_master_code : ')])[1]] <img src=D:\BuildPiper_Rahul\Reports\21Feb_123722\ServiceOverviewSearchUI_chrome\ServiceOverviewSearchUI_chrome_52_Feb_124203.jpg alt='Lamp' width='500' height='400'> Element : xpath: //button[@class='MuiButtonBase-root MuiIconButton-root MuiIconButton-colorInherit MuiIconButton-edgeEnd']]is displayed on screen Clicking on element Click on historywindow_closeButton <img src=D:\BuildPiper_Rahul\Reports\21Feb_123722\ServiceOverviewSearchUI_chrome\ServiceOverviewSearchUI_chrome_52_Feb_124203.jpg alt='Lamp' width='500' height='400'> Element : xpath: //button[@title='Build']]is displayed on screen Clicking on element buildButton <img src=D:\BuildPiper_Rahul\Reports\21Feb_123722\ServiceOverviewSearchUI_chrome\ServiceOverviewSearchUI_chrome_52_Feb_124208.jpg alt='Lamp' width='500' height='400'> Element : xpath: //div[contains(@class,'popup-card')]//span[text()='Build #']]is displayed on screen Clicking on element buildRecent <img src=D:\BuildPiper_Rahul\Reports\21Feb_123722\ServiceOverviewSearchUI_chrome\ServiceOverviewSearchUI_chrome_52_Feb_124240.jpg alt='Lamp' width='500' height='400'> Element : xpath: //div[@class='card']//button[@class='MuiButtonBase-root MuiIconButton-root']]is displayed on screen Clicking on element clicks buildwindow_closeButton <img src=D:\BuildPiper_Rahul\Reports\21Feb_123722\ServiceOverviewSearchUI_chrome\ServiceOverviewSearchUI_chrome_52_Feb_124244.jpg alt='Lamp' width='500' height='400'> Element : xpath: //span[text()='PROD']/../span[2]/following-sibling::span]is displayed on screen Clicking on element Select Environment Tab <img src=D:\BuildPiper_Rahul\Reports\21Feb_123722\ServiceOverviewSearchUI_chrome\ServiceOverviewSearchUI_chrome_52_Feb_124244.jpg alt='Lamp' width='500' height='400'> Element is present  xpath: (//div/p[text()='Artifact']/following-sibling::span)[1]] <img src=D:\BuildPiper_Rahul\Reports\21Feb_123722\ServiceOverviewSearchUI_chrome\ServiceOverviewSearchUI_chrome_52_Feb_124248.jpg alt='Lamp' width='500' height='400'> Element is present  xpath: //button[@title='Build']] <img src=D:\BuildPiper_Rahul\Reports\21Feb_123722\ServiceOverviewSearchUI_chrome\ServiceOverviewSearchUI_chrome_52_Feb_124248.jpg alt='Lamp' width='500' height='400'> Element is present  xpath: //button[@title='Deploy']] <img src=D:\BuildPiper_Rahul\Reports\21Feb_123722\ServiceOverviewSearchUI_chrome\ServiceOverviewSearchUI_chrome_52_Feb_124249.jpg alt='Lamp' width='500' height='400'> Element is present  xpath: //button/span[@class='flaticon-forward-arrow']] <img src=D:\BuildPiper_Rahul\Reports\21Feb_123722\ServiceOverviewSearchUI_chrome\ServiceOverviewSearchUI_chrome_52_Feb_124249.jpg alt='Lamp' width='500' height='400'> Element is present  xpath: //button[@title='History']] <img src=D:\BuildPiper_Rahul\Reports\21Feb_123722\ServiceOverviewSearchUI_chrome\ServiceOverviewSearchUI_chrome_52_Feb_124249.jpg alt='Lamp' width='500' height='400'> Element is present  xpath: //button[@title='Monitoring']] <img src=D:\BuildPiper_Rahul\Reports\21Feb_123722\ServiceOverviewSearchUI_chrome\ServiceOverviewSearchUI_chrome_52_Feb_124249.jpg alt='Lamp' width='500' height='400'> Element : xpath: //button[@title='History']]is displayed on screen Clicking on element Click on History Icon <img src=D:\BuildPiper_Rahul\Reports\21Feb_123722\ServiceOverviewSearchUI_chrome\ServiceOverviewSearchUI_chrome_52_Feb_124250.jpg alt='Lamp' width='500' height='400'> Element is present  xpath: (//p[contains(@title,'tag : ')])[1]] <img src=D:\BuildPiper_Rahul\Reports\21Feb_123722\ServiceOverviewSearchUI_chrome\ServiceOverviewSearchUI_chrome_52_Feb_124254.jpg alt='Lamp' width='500' height='400'> Element is present  xpath: (//p[contains(@title,'no_cache : ')])[1]] <img src=D:\BuildPiper_Rahul\Reports\21Feb_123722\ServiceOverviewSearchUI_chrome\ServiceOverviewSearchUI_chrome_52_Feb_124254.jpg alt='Lamp' width='500' height='400'> Element is present  xpath: (//p[contains(@title,'is_deploy : ')])[1]] <img src=D:\BuildPiper_Rahul\Reports\21Feb_123722\ServiceOverviewSearchUI_chrome\ServiceOverviewSearchUI_chrome_52_Feb_124254.jpg alt='Lamp' width='500' height='400'> Element is present  xpath: (//p[contains(@title,'custom_tag : ')])[1]] <img src=D:\BuildPiper_Rahul\Reports\21Feb_123722\ServiceOverviewSearchUI_chrome\ServiceOverviewSearchUI_chrome_52_Feb_124254.jpg alt='Lamp' width='500' height='400'> Element is present  xpath: (//p[contains(@title,'branch_name : ')])[1]] <img src=D:\BuildPiper_Rahul\Reports\21Feb_123722\ServiceOverviewSearchUI_chrome\ServiceOverviewSearchUI_chrome_52_Feb_124255.jpg alt='Lamp' width='500' height='400'> Element is present  xpath: (//p[contains(@title,'activity_master_code : ')])[1]] <img src=D:\BuildPiper_Rahul\Reports\21Feb_123722\ServiceOverviewSearchUI_chrome\ServiceOverviewSearchUI_chrome_52_Feb_124255.jpg alt='Lamp' width='500' height='400'> Element : xpath: //button[@class='MuiButtonBase-root MuiIconButton-root MuiIconButton-colorInherit MuiIconButton-edgeEnd']]is displayed on screen Clicking on element Click on historywindow_closeButton <img src=D:\BuildPiper_Rahul\Reports\21Feb_123722\ServiceOverviewSearchUI_chrome\ServiceOverviewSearchUI_chrome_52_Feb_124255.jpg alt='Lamp' width='500' height='400'> Element : xpath: //button[@title='Build']]is displayed on screen Clicking on element buildButton <img src=D:\BuildPiper_Rahul\Reports\21Feb_123722\ServiceOverviewSearchUI_chrome\ServiceOverviewSearchUI_chrome_52_Feb_124259.jpg alt='Lamp' width='500' height='400'> Element : xpath: //div[contains(@class,'popup-card')]//span[text()='Build #']]is displayed on screen Clicking on element buildRecent <img src=D:\BuildPiper_Rahul\Reports\21Feb_123722\ServiceOverviewSearchUI_chrome\ServiceOverviewSearchUI_chrome_52_Feb_124332.jpg alt='Lamp' width='500' height='400'> Element : xpath: //div[@class='card']//button[@class='MuiButtonBase-root MuiIconButton-root']]is displayed on screen Clicking on element clicks buildwindow_closeButton <img src=D:\BuildPiper_Rahul\Reports\21Feb_123722\ServiceOverviewSearchUI_chrome\ServiceOverviewSearchUI_chrome_52_Feb_124335.jpg alt='Lamp' width='500' height='400'> Result upload to testlink is disabled, Please ensure you have 'UpdateTestLink=Yes' in project.properties  ####### End of Test Case: ServiceOverviewSearchUI #######  </system-out>
</testsuite> <!-- com.buildpiper.testcases.ServiceCreationTestcases -->
