<?xml version="1.0" encoding="UTF-8"?>
<!-- Generated by org.testng.reporters.JUnitReportReporter -->
<testsuite hostname="DESKTOP-PTF1H2O" failures="0" tests="2" name="com.buildpiper.testcases.JobExecutionActivityTestcases" time="300.318" errors="0" timestamp="2024-01-19T19:39:53 IST" skipped="0">
  <testcase classname="com.buildpiper.testcases.JobExecutionActivityTestcases" name="PaginationCheck" time="122.102"/>
  <system-out>
checking if driver exist <img src=D:\BuildPiper_Rahul\Reports\19Jan_185532\PaginationCheck_chrome\PaginationCheck_chrome_19_Jan_193802.jpg alt='Lamp' width='500' height='400'> Clicking on element userMenuAppBar <img src=D:\BuildPiper_Rahul\Reports\19Jan_185532\PaginationCheck_chrome\PaginationCheck_chrome_19_Jan_193803.jpg alt='Lamp' width='500' height='400'> Clicking on element select Job Execution Activity Menu <img src=D:\BuildPiper_Rahul\Reports\19Jan_185532\PaginationCheck_chrome\PaginationCheck_chrome_19_Jan_193803.jpg alt='Lamp' width='500' height='400'> checking if driver exist <img src=D:\BuildPiper_Rahul\Reports\19Jan_185532\PaginationCheck_chrome\PaginationCheck_chrome_19_Jan_193806.jpg alt='Lamp' width='500' height='400'> Element is present  xpath: //li//button[contains(@class,'main-nav-1')]//span[1][@title]] <img src=D:\BuildPiper_Rahul\Reports\19Jan_185532\PaginationCheck_chrome\PaginationCheck_chrome_19_Jan_193811.jpg alt='Lamp' width='500' height='400'> Element is present  xpath: //button[contains(@class,'btn btn-with-icon pagination-btn btn-not-allowed btn-round cursor-not-allowed text-grey-')]] <img src=D:\BuildPiper_Rahul\Reports\19Jan_185532\PaginationCheck_chrome\PaginationCheck_chrome_19_Jan_193811.jpg alt='Lamp' width='500' height='400'> Element is present  xpath: //input[@name='page_number']] <img src=D:\BuildPiper_Rahul\Reports\19Jan_185532\PaginationCheck_chrome\PaginationCheck_chrome_19_Jan_193841.jpg alt='Lamp' width='500' height='400'> Element is present  xpath: //button[contains(@class,'btn btn-with-icon pagination-btn btn-not-allowed btn-round cursor-not-allowed text-grey-')]] <img src=D:\BuildPiper_Rahul\Reports\19Jan_185532\PaginationCheck_chrome\PaginationCheck_chrome_19_Jan_193922.jpg alt='Lamp' width='500' height='400'> ####### End of Test Case: PaginationCheck #######  </system-out>
  <testcase classname="com.buildpiper.testcases.JobExecutionActivityTestcases" name="ActivityFilterby_Status" time="178.216"/>
  <system-out>
checking if driver exist <img src=D:\BuildPiper_Rahul\Reports\19Jan_185532\ActivityFilterby_Status_chrome\ActivityFilterby_Status_chrome_19_Jan_193504.jpg alt='Lamp' width='500' height='400'> Clicking on element userMenuAppBar <img src=D:\BuildPiper_Rahul\Reports\19Jan_185532\ActivityFilterby_Status_chrome\ActivityFilterby_Status_chrome_19_Jan_193504.jpg alt='Lamp' width='500' height='400'> Clicking on element select Job Execution Activity Menu <img src=D:\BuildPiper_Rahul\Reports\19Jan_185532\ActivityFilterby_Status_chrome\ActivityFilterby_Status_chrome_19_Jan_193505.jpg alt='Lamp' width='500' height='400'> checking if driver exist <img src=D:\BuildPiper_Rahul\Reports\19Jan_185532\ActivityFilterby_Status_chrome\ActivityFilterby_Status_chrome_19_Jan_193508.jpg alt='Lamp' width='500' height='400'> Element is present  xpath: //li//button[contains(@class,'main-nav-1')]//span[1][@title]] <img src=D:\BuildPiper_Rahul\Reports\19Jan_185532\ActivityFilterby_Status_chrome\ActivityFilterby_Status_chrome_19_Jan_193513.jpg alt='Lamp' width='500' height='400'> Element is present  xpath: //button[@class='MuiButtonBase-root MuiIconButton-root']//span[text()='More']] <img src=D:\BuildPiper_Rahul\Reports\19Jan_185532\ActivityFilterby_Status_chrome\ActivityFilterby_Status_chrome_19_Jan_193513.jpg alt='Lamp' width='500' height='400'> Clicking on element More Button <img src=D:\BuildPiper_Rahul\Reports\19Jan_185532\ActivityFilterby_Status_chrome\ActivityFilterby_Status_chrome_19_Jan_193513.jpg alt='Lamp' width='500' height='400'> Clicking on element Status Checkbox <img src=D:\BuildPiper_Rahul\Reports\19Jan_185532\ActivityFilterby_Status_chrome\ActivityFilterby_Status_chrome_19_Jan_193545.jpg alt='Lamp' width='500' height='400'> Clicking on element statusDropDown <img src=D:\BuildPiper_Rahul\Reports\19Jan_185532\ActivityFilterby_Status_chrome\ActivityFilterby_Status_chrome_19_Jan_193546.jpg alt='Lamp' width='500' height='400'> Clicking on element statusSuccessCheckbox <img src=D:\BuildPiper_Rahul\Reports\19Jan_185532\ActivityFilterby_Status_chrome\ActivityFilterby_Status_chrome_19_Jan_193616.jpg alt='Lamp' width='500' height='400'> Element is present  xpath: //div[@class='single-row-item-four']//span/span] <img src=D:\BuildPiper_Rahul\Reports\19Jan_185532\ActivityFilterby_Status_chrome\ActivityFilterby_Status_chrome_19_Jan_193627.jpg alt='Lamp' width='500' height='400'> Clicking on element clearSelectionButton <img src=D:\BuildPiper_Rahul\Reports\19Jan_185532\ActivityFilterby_Status_chrome\ActivityFilterby_Status_chrome_19_Jan_193627.jpg alt='Lamp' width='500' height='400'> Clicking on element statusDropDown <img src=D:\BuildPiper_Rahul\Reports\19Jan_185532\ActivityFilterby_Status_chrome\ActivityFilterby_Status_chrome_19_Jan_193627.jpg alt='Lamp' width='500' height='400'> Clicking on element statusFailedCheckbox <img src=D:\BuildPiper_Rahul\Reports\19Jan_185532\ActivityFilterby_Status_chrome\ActivityFilterby_Status_chrome_19_Jan_193658.jpg alt='Lamp' width='500' height='400'> Element is present  xpath: //div[@class='single-row-item-four']//span/span] <img src=D:\BuildPiper_Rahul\Reports\19Jan_185532\ActivityFilterby_Status_chrome\ActivityFilterby_Status_chrome_19_Jan_193708.jpg alt='Lamp' width='500' height='400'> Clicking on element clearSelectionButton <img src=D:\BuildPiper_Rahul\Reports\19Jan_185532\ActivityFilterby_Status_chrome\ActivityFilterby_Status_chrome_19_Jan_193709.jpg alt='Lamp' width='500' height='400'> Clicking on element statusDropDown <img src=D:\BuildPiper_Rahul\Reports\19Jan_185532\ActivityFilterby_Status_chrome\ActivityFilterby_Status_chrome_19_Jan_193709.jpg alt='Lamp' width='500' height='400'> Clicking on element statusRevokedCheckbox <img src=D:\BuildPiper_Rahul\Reports\19Jan_185532\ActivityFilterby_Status_chrome\ActivityFilterby_Status_chrome_19_Jan_193739.jpg alt='Lamp' width='500' height='400'> Element is present  xpath: //div[@class='single-row-item-four']//span/span] <img src=D:\BuildPiper_Rahul\Reports\19Jan_185532\ActivityFilterby_Status_chrome\ActivityFilterby_Status_chrome_19_Jan_193749.jpg alt='Lamp' width='500' height='400'> Clicking on element clearSelectionButton <img src=D:\BuildPiper_Rahul\Reports\19Jan_185532\ActivityFilterby_Status_chrome\ActivityFilterby_Status_chrome_19_Jan_193750.jpg alt='Lamp' width='500' height='400'> Clicking on element statusDropDown <img src=D:\BuildPiper_Rahul\Reports\19Jan_185532\ActivityFilterby_Status_chrome\ActivityFilterby_Status_chrome_19_Jan_193750.jpg alt='Lamp' width='500' height='400'> ####### End of Test Case: ActivityFilterby_Status #######  </system-out>
</testsuite> <!-- com.buildpiper.testcases.JobExecutionActivityTestcases -->
