<?xml version="1.0" encoding="UTF-8"?>
<!-- Generated by org.testng.reporters.JUnitReportReporter -->
<testsuite hostname="DESKTOP-PTF1H2O" failures="0" tests="1" name="com.buildpiper.testcases.EnvironmentTestcasesExecution" time="75.635" errors="0" timestamp="2024-03-04T19:33:34 IST" skipped="0">
  <testcase classname="com.buildpiper.testcases.EnvironmentTestcasesExecution" name="CreateandStopEnvironment" time="75.635"/>
  <system-out>
checking if driver exist <img src=D:\BuildPiper_Rahul\Reports\04Mar_193216\CreateandStopEnvironment_chrome\CreateandStopEnvironment_chrome_64_Mar_193233.jpg alt='Lamp' width='500' height='400'> Element : xpath: //button[@type='button' and @aria-controls='menu-appbar']//div//div]is displayed on screen Clicking on element userMenuAppBar <img src=D:\BuildPiper_Rahul\Reports\04Mar_193216\CreateandStopEnvironment_chrome\CreateandStopEnvironment_chrome_64_Mar_193234.jpg alt='Lamp' width='500' height='400'> Element : xpath: //button[contains(@class,'btn-link-green')][text()=' Switch to User Portal']]is displayed on screen Clicking on element switching to user account <img src=D:\BuildPiper_Rahul\Reports\04Mar_193216\CreateandStopEnvironment_chrome\CreateandStopEnvironment_chrome_64_Mar_193234.jpg alt='Lamp' width='500' height='400'> checking if driver exist <img src=D:\BuildPiper_Rahul\Reports\04Mar_193216\CreateandStopEnvironment_chrome\CreateandStopEnvironment_chrome_64_Mar_193240.jpg alt='Lamp' width='500' height='400'> Element : xpath: //li//button[contains(@class,'main-nav-1')]//span[@title]]is displayed on screen Element is present  xpath: //li//button[contains(@class,'main-nav-1')]//span[@title]] <img src=D:\BuildPiper_Rahul\Reports\04Mar_193216\CreateandStopEnvironment_chrome\CreateandStopEnvironment_chrome_64_Mar_193240.jpg alt='Lamp' width='500' height='400'> Element : xpath: //button//span[2][@class='flaticon-expand-arrow']/../..//div//span[@title='Environment Overview']]is displayed on screen Element is present  xpath: //button//span[2][@class='flaticon-expand-arrow']/../..//div//span[@title='Environment Overview']] <img src=D:\BuildPiper_Rahul\Reports\04Mar_193216\CreateandStopEnvironment_chrome\CreateandStopEnvironment_chrome_64_Mar_193240.jpg alt='Lamp' width='500' height='400'> Element : xpath: //button//span[2][@class='flaticon-expand-arrow']/../..//div//span[@title='Environment Overview']]is displayed on screen Clicking on element clicks on environment overview tab under applicartion name <img src=D:\BuildPiper_Rahul\Reports\04Mar_193216\CreateandStopEnvironment_chrome\CreateandStopEnvironment_chrome_64_Mar_193241.jpg alt='Lamp' width='500' height='400'> Element : xpath: //a[text()='New Environment']]is displayed on screen Element is present  xpath: //a[text()='New Environment']] <img src=D:\BuildPiper_Rahul\Reports\04Mar_193216\CreateandStopEnvironment_chrome\CreateandStopEnvironment_chrome_64_Mar_193241.jpg alt='Lamp' width='500' height='400'> Element : xpath: //a[text()='New Environment']]is displayed on screen Clicking on element clicks on add new environment button <img src=D:\BuildPiper_Rahul\Reports\04Mar_193216\CreateandStopEnvironment_chrome\CreateandStopEnvironment_chrome_64_Mar_193241.jpg alt='Lamp' width='500' height='400'> Element : xpath: //input[@placeholder='Environment Name']]is displayed on screen Element is present  xpath: //input[@placeholder='Environment Name']] <img src=D:\BuildPiper_Rahul\Reports\04Mar_193216\CreateandStopEnvironment_chrome\CreateandStopEnvironment_chrome_64_Mar_193242.jpg alt='Lamp' width='500' height='400'> Element : xpath: //input[@placeholder='Environment Name']]is displayed on screen Setting value on element  <img src=D:\BuildPiper_Rahul\Reports\04Mar_193216\CreateandStopEnvironment_chrome\CreateandStopEnvironment_chrome_64_Mar_193242.jpg alt='Lamp' width='500' height='400'> Element : xpath: //button[contains(@class,'btn btn-submit')][contains(text(),'Save')]]is displayed on screen Element is present  xpath: //button[contains(@class,'btn btn-submit')][contains(text(),'Save')]] <img src=D:\BuildPiper_Rahul\Reports\04Mar_193216\CreateandStopEnvironment_chrome\CreateandStopEnvironment_chrome_64_Mar_193245.jpg alt='Lamp' width='500' height='400'> Element : xpath: //button[contains(@class,'btn btn-submit')][contains(text(),'Save')]]is displayed on screen  Element Proxy element for: DefaultElementLocator 'By.xpath: //button[contains(@class,'btn btn-submit')][contains(text(),'Save')]' is not clickable using selenium click <img src=D:\BuildPiper_Rahul\Reports\04Mar_193216\CreateandStopEnvironment_chrome\CreateandStopEnvironment_chrome_64_Mar_193316.jpg alt='Lamp' width='500' height='400'> Clicking on element user clicks save button <img src=D:\BuildPiper_Rahul\Reports\04Mar_193216\CreateandStopEnvironment_chrome\CreateandStopEnvironment_chrome_64_Mar_193317.jpg alt='Lamp' width='500' height='400'> Element : xpath: //input[@name='name' and @placeholder='Name']]is displayed on screen Element : xpath: //a[@class='text-anchor-blue']/p]is displayed on screen Clicking on element first Environment Link <img src=D:\BuildPiper_Rahul\Reports\04Mar_193216\CreateandStopEnvironment_chrome\CreateandStopEnvironment_chrome_64_Mar_193323.jpg alt='Lamp' width='500' height='400'> Element : xpath: //button[text()=' Stop Env.']]is displayed on screen Clicking on element stopEnvironment Button <img src=D:\BuildPiper_Rahul\Reports\04Mar_193216\CreateandStopEnvironment_chrome\CreateandStopEnvironment_chrome_64_Mar_193327.jpg alt='Lamp' width='500' height='400'> Element : xpath: //button[text()='Confirm']]is displayed on screen Clicking on element confirm StopEnvironment Popup <img src=D:\BuildPiper_Rahul\Reports\04Mar_193216\CreateandStopEnvironment_chrome\CreateandStopEnvironment_chrome_64_Mar_193330.jpg alt='Lamp' width='500' height='400'> Result upload to testlink is disabled, Please ensure you have 'UpdateTestLink=Yes' in project.properties  ####### End of Test Case: CreateandStopEnvironment #######  </system-out>
</testsuite> <!-- com.buildpiper.testcases.EnvironmentTestcasesExecution -->
