<?xml version="1.0" encoding="UTF-8"?>
<!-- Generated by org.testng.reporters.JUnitReportReporter -->
<testsuite hostname="DESKTOP-PTF1H2O" failures="0" tests="1" name="com.buildpiper.testcases.JobTemplatetestCases" time="144.562" errors="0" timestamp="2024-01-05T16:48:03 IST" skipped="0">
  <testcase classname="com.buildpiper.testcases.JobTemplatetestCases" name="AddNewStep" time="144.562"/>
  <system-out>
checking if driver exist <img src=D:\BuildPiper_Rahul\Reports\05Jan_164537\AddNewStep_chrome\AddNewStep_chrome_05_Jan_164555.jpg alt='Lamp' width='500' height='400'> Element : xpath: //button[@type='button' and @aria-controls='menu-appbar']//div//div]is displayed on screen Clicking on element userMenuAppBar <img src=D:\BuildPiper_Rahul\Reports\05Jan_164537\AddNewStep_chrome\AddNewStep_chrome_05_Jan_164555.jpg alt='Lamp' width='500' height='400'> Element : xpath: //button[contains(@class,'btn-link-green')][text()=' Switch to User Portal']]is displayed on screen Clicking on element switching to user account <img src=D:\BuildPiper_Rahul\Reports\05Jan_164537\AddNewStep_chrome\AddNewStep_chrome_05_Jan_164555.jpg alt='Lamp' width='500' height='400'> checking if driver exist <img src=D:\BuildPiper_Rahul\Reports\05Jan_164537\AddNewStep_chrome\AddNewStep_chrome_05_Jan_164555.jpg alt='Lamp' width='500' height='400'> Element : xpath: (//li//a[contains(@class,'main-nav-1')]//span/span[@class='color-black'])[1]]is displayed on screen Element is present  xpath: (//li//a[contains(@class,'main-nav-1')]//span/span[@class='color-black'])[1]] <img src=D:\BuildPiper_Rahul\Reports\05Jan_164537\AddNewStep_chrome\AddNewStep_chrome_05_Jan_164601.jpg alt='Lamp' width='500' height='400'> Element : xpath: (//li//a[contains(@class,'main-nav-1')]//span/span[@class='color-black'])[1]]is displayed on screen Clicking on element Step Catalog <img src=D:\BuildPiper_Rahul\Reports\05Jan_164537\AddNewStep_chrome\AddNewStep_chrome_05_Jan_164601.jpg alt='Lamp' width='500' height='400'> Element : xpath: //a[text()='New Step']]is displayed on screen Element is present  xpath: //a[text()='New Step']] <img src=D:\BuildPiper_Rahul\Reports\05Jan_164537\AddNewStep_chrome\AddNewStep_chrome_05_Jan_164602.jpg alt='Lamp' width='500' height='400'> Element : xpath: //a[text()='New Step']]is displayed on screen Clicking on element New Step Button <img src=D:\BuildPiper_Rahul\Reports\05Jan_164537\AddNewStep_chrome\AddNewStep_chrome_05_Jan_164604.jpg alt='Lamp' width='500' height='400'> Element : xpath: //input[@placeholder='Clone Repository']]is displayed on screen Setting value on element stepNameField <img src=D:\BuildPiper_Rahul\Reports\05Jan_164537\AddNewStep_chrome\AddNewStep_chrome_05_Jan_164606.jpg alt='Lamp' width='500' height='400'> Element : xpath: //input[@placeholder='Step Code (Must be Unique)']]is displayed on screen Setting value on element stepCodeField <img src=D:\BuildPiper_Rahul\Reports\05Jan_164537\AddNewStep_chrome\AddNewStep_chrome_05_Jan_164608.jpg alt='Lamp' width='500' height='400'> Clicking on element stepCategoryAllCheckbox <img src=D:\BuildPiper_Rahul\Reports\05Jan_164537\AddNewStep_chrome\AddNewStep_chrome_05_Jan_164640.jpg alt='Lamp' width='500' height='400'> Element : xpath: //input[@name='image_name_with_tag']]is displayed on screen Setting value on element dockerImagetag <img src=D:\BuildPiper_Rahul\Reports\05Jan_164537\AddNewStep_chrome\AddNewStep_chrome_05_Jan_164641.jpg alt='Lamp' width='500' height='400'> Clicking on element containertypeRadiobutton <img src=D:\BuildPiper_Rahul\Reports\05Jan_164537\AddNewStep_chrome\AddNewStep_chrome_05_Jan_164713.jpg alt='Lamp' width='500' height='400'> Clicking on element stepCategoryAllCheckbox <img src=D:\BuildPiper_Rahul\Reports\05Jan_164537\AddNewStep_chrome\AddNewStep_chrome_05_Jan_164745.jpg alt='Lamp' width='500' height='400'> Element : xpath: //input[@name='key']]is displayed on screen Setting value on element variableName <img src=D:\BuildPiper_Rahul\Reports\05Jan_164537\AddNewStep_chrome\AddNewStep_chrome_05_Jan_164748.jpg alt='Lamp' width='500' height='400'> Element : xpath: //input[@name='default_value']]is displayed on screen Setting value on element variableValue <img src=D:\BuildPiper_Rahul\Reports\05Jan_164537\AddNewStep_chrome\AddNewStep_chrome_05_Jan_164750.jpg alt='Lamp' width='500' height='400'> Element : xpath: //button[text()='Save']]is displayed on screen Clicking on element save NewStep <img src=D:\BuildPiper_Rahul\Reports\05Jan_164537\AddNewStep_chrome\AddNewStep_chrome_05_Jan_164752.jpg alt='Lamp' width='500' height='400'> Element : xpath: //button[@class='transparent-btn nowrap']//*[@class='MuiSvgIcon-root MuiSvgIcon-fontSizeLarge']]is displayed on screen Clicking on element step KebobIcon <img src=D:\BuildPiper_Rahul\Reports\05Jan_164537\AddNewStep_chrome\AddNewStep_chrome_05_Jan_164756.jpg alt='Lamp' width='500' height='400'> Element : xpath: //label[text()='Delete']]is displayed on screen Clicking on element Delete Created Step <img src=D:\BuildPiper_Rahul\Reports\05Jan_164537\AddNewStep_chrome\AddNewStep_chrome_05_Jan_164757.jpg alt='Lamp' width='500' height='400'> Element : xpath: //input[@placeholder='Please enter the reason to delete']]is displayed on screen Setting value on element deleteConfirmation <img src=D:\BuildPiper_Rahul\Reports\05Jan_164537\AddNewStep_chrome\AddNewStep_chrome_05_Jan_164800.jpg alt='Lamp' width='500' height='400'> Element : xpath: //button[text()='Delete']]is displayed on screen Clicking on element delete Button <img src=D:\BuildPiper_Rahul\Reports\05Jan_164537\AddNewStep_chrome\AddNewStep_chrome_05_Jan_164802.jpg alt='Lamp' width='500' height='400'> Result upload to testlink is disabled, Please ensure you have 'UpdateTestLink=Yes' in project.properties  ####### End of Test Case: AddNewStep #######  </system-out>
</testsuite> <!-- com.buildpiper.testcases.JobTemplatetestCases -->
